2026-03-16T05:09:55.975996+00:00 INFO 'ansible_navigator.setup_logger' New ansible-navigator instance, logging initialized
2026-03-16T05:09:55.978616+00:00 INFO 'ansible_navigator.setup_logger' New ansible-runner instance, logging initialized
2026-03-16T05:09:55.978648+00:00 DEBUG 'ansible_navigator.main' Jinja2==3.1.6 
2026-03-16T05:09:55.978662+00:00 DEBUG 'ansible_navigator.main' MarkupSafe==3.0.2 
2026-03-16T05:09:55.978673+00:00 DEBUG 'ansible_navigator.main' Parsley==1.3 
2026-03-16T05:09:55.978683+00:00 DEBUG 'ansible_navigator.main' PySocks==1.7.1 
2026-03-16T05:09:55.978692+00:00 DEBUG 'ansible_navigator.main' PyYAML==5.4.1 
2026-03-16T05:09:55.978701+00:00 DEBUG 'ansible_navigator.main' Pygments==2.19.2 
2026-03-16T05:09:55.978709+00:00 DEBUG 'ansible_navigator.main' ansible-builder==3.1.0 
2026-03-16T05:09:55.978718+00:00 DEBUG 'ansible_navigator.main' ansible-compat==24.10.0 
2026-03-16T05:09:55.978727+00:00 DEBUG 'ansible_navigator.main' ansible-core==2.15.13 
2026-03-16T05:09:55.978736+00:00 DEBUG 'ansible_navigator.main' ansible-lint==6.22.2 
2026-03-16T05:09:55.978744+00:00 DEBUG 'ansible_navigator.main' ansible-navigator==24.2.0 
2026-03-16T05:09:55.978753+00:00 DEBUG 'ansible_navigator.main' ansible-runner==2.4.1 
2026-03-16T05:09:55.978761+00:00 DEBUG 'ansible_navigator.main' ansible==8.7.0 /home/student/.local/lib/python3.9/site-packages/ansible/__init__.py
2026-03-16T05:09:55.978770+00:00 DEBUG 'ansible_navigator.main' argcomplete==3.6.2 /home/student/.local/lib/python3.9/site-packages/argcomplete/__init__.py
2026-03-16T05:09:55.978779+00:00 DEBUG 'ansible_navigator.main' attrs==25.3.0 /home/student/.local/lib/python3.9/site-packages/attrs/__init__.py
2026-03-16T05:09:55.978788+00:00 DEBUG 'ansible_navigator.main' bindep==2.13.0 /home/student/.local/lib/python3.9/site-packages/bindep/__init__.py
2026-03-16T05:09:55.978796+00:00 DEBUG 'ansible_navigator.main' black==25.1.0 /home/student/.local/lib/python3.9/site-packages/black/__init__.cpython-39-x86_64-linux-gnu.so
2026-03-16T05:09:55.978805+00:00 DEBUG 'ansible_navigator.main' bracex==2.6 /home/student/.local/lib/python3.9/site-packages/bracex/__init__.py
2026-03-16T05:09:55.978814+00:00 DEBUG 'ansible_navigator.main' cffi==1.17.1 /home/student/.local/lib/python3.9/site-packages/cffi/__init__.py
2026-03-16T05:09:55.978823+00:00 DEBUG 'ansible_navigator.main' chardet==4.0.0 /usr/lib/python3.9/site-packages/chardet/__init__.py
2026-03-16T05:09:55.978831+00:00 DEBUG 'ansible_navigator.main' click==8.1.8 /home/student/.local/lib/python3.9/site-packages/click/__init__.py
2026-03-16T05:09:55.978840+00:00 DEBUG 'ansible_navigator.main' cockpit==334.1 /usr/lib/python3.9/site-packages/cockpit/__init__.py
2026-03-16T05:09:55.978848+00:00 DEBUG 'ansible_navigator.main' cryptography==45.0.4 /home/student/.local/lib/python3.9/site-packages/cryptography/__init__.py
2026-03-16T05:09:55.978857+00:00 DEBUG 'ansible_navigator.main' dasbus==1.4 /usr/lib/python3.9/site-packages/dasbus/__init__.py
2026-03-16T05:09:55.978866+00:00 DEBUG 'ansible_navigator.main' dbus-python==1.2.18 
2026-03-16T05:09:55.978874+00:00 DEBUG 'ansible_navigator.main' decorator==4.4.2 /usr/lib/python3.9/site-packages/decorator.py
2026-03-16T05:09:55.978883+00:00 DEBUG 'ansible_navigator.main' distro==1.9.0 /home/student/.local/lib/python3.9/site-packages/distro/__init__.py
2026-03-16T05:09:55.978892+00:00 DEBUG 'ansible_navigator.main' file-magic==0.4.0 
2026-03-16T05:09:55.978900+00:00 DEBUG 'ansible_navigator.main' filelock==3.19.1 /home/student/.local/lib/python3.9/site-packages/filelock/__init__.py
2026-03-16T05:09:55.978909+00:00 DEBUG 'ansible_navigator.main' idna==2.10 /usr/lib/python3.9/site-packages/idna/__init__.py
2026-03-16T05:09:55.978917+00:00 DEBUG 'ansible_navigator.main' importlib-metadata==6.2.1 
2026-03-16T05:09:55.978926+00:00 DEBUG 'ansible_navigator.main' importlib-resources==5.0.7 
2026-03-16T05:09:55.978934+00:00 DEBUG 'ansible_navigator.main' iniparse==0.4 /usr/lib/python3.9/site-packages/iniparse/__init__.py
2026-03-16T05:09:55.978943+00:00 DEBUG 'ansible_navigator.main' jsonschema-specifications==2025.4.1 
2026-03-16T05:09:55.978957+00:00 DEBUG 'ansible_navigator.main' jsonschema==4.25.1 /home/student/.local/lib/python3.9/site-packages/jsonschema/__init__.py
2026-03-16T05:09:55.978966+00:00 DEBUG 'ansible_navigator.main' lockfile==0.12.2 /home/student/.local/lib/python3.9/site-packages/lockfile/__init__.py
2026-03-16T05:09:55.978975+00:00 DEBUG 'ansible_navigator.main' lxml==4.6.5 /usr/lib64/python3.9/site-packages/lxml/__init__.py
2026-03-16T05:09:55.978984+00:00 DEBUG 'ansible_navigator.main' markdown-it-py==3.0.0 
2026-03-16T05:09:55.978993+00:00 DEBUG 'ansible_navigator.main' mdurl==0.1.2 /home/student/.local/lib/python3.9/site-packages/mdurl/__init__.py
2026-03-16T05:09:55.979001+00:00 DEBUG 'ansible_navigator.main' mypy_extensions==1.1.0 /home/student/.local/lib/python3.9/site-packages/mypy_extensions.py
2026-03-16T05:09:55.979010+00:00 DEBUG 'ansible_navigator.main' nftables==0.1 /usr/lib/python3.9/site-packages/nftables/__init__.py
2026-03-16T05:09:55.979018+00:00 DEBUG 'ansible_navigator.main' onigurumacffi==1.4.1 /home/student/.local/lib/python3.9/site-packages/onigurumacffi.py
2026-03-16T05:09:55.979027+00:00 DEBUG 'ansible_navigator.main' packaging==25.0 /home/student/.local/lib/python3.9/site-packages/packaging/__init__.py
2026-03-16T05:09:55.979036+00:00 DEBUG 'ansible_navigator.main' pathspec==0.12.1 /home/student/.local/lib/python3.9/site-packages/pathspec/__init__.py
2026-03-16T05:09:55.979045+00:00 DEBUG 'ansible_navigator.main' pbr==7.0.1 /home/student/.local/lib/python3.9/site-packages/pbr/__init__.py
2026-03-16T05:09:55.979053+00:00 DEBUG 'ansible_navigator.main' perf==0.1 /usr/lib64/python3.9/site-packages/perf.cpython-39-x86_64-linux-gnu.so
2026-03-16T05:09:55.979062+00:00 DEBUG 'ansible_navigator.main' pip==21.3.1 /usr/lib/python3.9/site-packages/pip/__init__.py
2026-03-16T05:09:55.979080+00:00 DEBUG 'ansible_navigator.main' platformdirs==4.4.0 /home/student/.local/lib/python3.9/site-packages/platformdirs/__init__.py
2026-03-16T05:09:55.979089+00:00 DEBUG 'ansible_navigator.main' ply==3.11 /usr/lib/python3.9/site-packages/ply/__init__.py
2026-03-16T05:09:55.979098+00:00 DEBUG 'ansible_navigator.main' psutil==5.8.0 /usr/lib64/python3.9/site-packages/psutil/__init__.py
2026-03-16T05:09:55.979107+00:00 DEBUG 'ansible_navigator.main' pycairo==1.20.1 
2026-03-16T05:09:55.979116+00:00 DEBUG 'ansible_navigator.main' pycparser==2.22 /home/student/.local/lib/python3.9/site-packages/pycparser/__init__.py
2026-03-16T05:09:55.979124+00:00 DEBUG 'ansible_navigator.main' pyinotify==0.9.6 /usr/lib/python3.9/site-packages/pyinotify.py
2026-03-16T05:09:55.979133+00:00 DEBUG 'ansible_navigator.main' pyparsing==2.4.7 /usr/lib/python3.9/site-packages/pyparsing.py
2026-03-16T05:09:55.979142+00:00 DEBUG 'ansible_navigator.main' python-daemon==3.1.2 
2026-03-16T05:09:55.979150+00:00 DEBUG 'ansible_navigator.main' python-dateutil==2.8.1 
2026-03-16T05:09:55.979159+00:00 DEBUG 'ansible_navigator.main' python-linux-procfs==0.7.3 
2026-03-16T05:09:55.979167+00:00 DEBUG 'ansible_navigator.main' pyudev==0.22.0 /usr/lib/python3.9/site-packages/pyudev/__init__.py
2026-03-16T05:09:55.979176+00:00 DEBUG 'ansible_navigator.main' referencing==0.36.2 /home/student/.local/lib/python3.9/site-packages/referencing/__init__.py
2026-03-16T05:09:55.979185+00:00 DEBUG 'ansible_navigator.main' requests==2.25.1 /usr/lib/python3.9/site-packages/requests/__init__.py
2026-03-16T05:09:55.979193+00:00 DEBUG 'ansible_navigator.main' resolvelib==1.0.1 /home/student/.local/lib/python3.9/site-packages/resolvelib/__init__.py
2026-03-16T05:09:55.979202+00:00 DEBUG 'ansible_navigator.main' rich==14.1.0 /home/student/.local/lib/python3.9/site-packages/rich/__init__.py
2026-03-16T05:09:55.979211+00:00 DEBUG 'ansible_navigator.main' rpds-py==0.27.1 
2026-03-16T05:09:55.979220+00:00 DEBUG 'ansible_navigator.main' ruamel.yaml.clib==0.2.12 
2026-03-16T05:09:55.979228+00:00 DEBUG 'ansible_navigator.main' ruamel.yaml==0.18.15 /home/student/.local/lib/python3.9/site-packages/ruamel/yaml/__init__.py
2026-03-16T05:09:55.979237+00:00 DEBUG 'ansible_navigator.main' selinux==3.6 /usr/lib64/python3.9/site-packages/selinux/__init__.py
2026-03-16T05:09:55.979247+00:00 DEBUG 'ansible_navigator.main' sepolicy==3.6 /usr/lib/python3.9/site-packages/sepolicy/__init__.py
2026-03-16T05:09:55.979255+00:00 DEBUG 'ansible_navigator.main' setools==4.4.4 /usr/lib64/python3.9/site-packages/setools/__init__.py
2026-03-16T05:09:55.979264+00:00 DEBUG 'ansible_navigator.main' setroubleshoot==3.3.32 /usr/lib/python3.9/site-packages/setroubleshoot/__init__.py
2026-03-16T05:09:55.979273+00:00 DEBUG 'ansible_navigator.main' setuptools==53.0.0 /usr/lib/python3.9/site-packages/setuptools/__init__.py
2026-03-16T05:09:55.979282+00:00 DEBUG 'ansible_navigator.main' six==1.15.0 /usr/lib/python3.9/site-packages/six.py
2026-03-16T05:09:55.979291+00:00 DEBUG 'ansible_navigator.main' sos==4.8.2 /usr/lib/python3.9/site-packages/sos/__init__.py
2026-03-16T05:09:55.979299+00:00 DEBUG 'ansible_navigator.main' subprocess-tee==0.4.2 
2026-03-16T05:09:55.979316+00:00 DEBUG 'ansible_navigator.main' subscription-manager==1.29.45 
2026-03-16T05:09:55.979326+00:00 DEBUG 'ansible_navigator.main' tomli==2.2.1 /home/student/.local/lib/python3.9/site-packages/tomli/__init__.py
2026-03-16T05:09:55.979334+00:00 DEBUG 'ansible_navigator.main' typing_extensions==4.15.0 /home/student/.local/lib/python3.9/site-packages/typing_extensions.py
2026-03-16T05:09:55.979343+00:00 DEBUG 'ansible_navigator.main' tzdata==2025.2 /home/student/.local/lib/python3.9/site-packages/tzdata/__init__.py
2026-03-16T05:09:55.979352+00:00 DEBUG 'ansible_navigator.main' urllib3==1.26.5 /usr/lib/python3.9/site-packages/urllib3/__init__.py
2026-03-16T05:09:55.979361+00:00 DEBUG 'ansible_navigator.main' wcmatch==10.1 /home/student/.local/lib/python3.9/site-packages/wcmatch/__init__.py
2026-03-16T05:09:55.979369+00:00 DEBUG 'ansible_navigator.main' yamllint==1.37.1 /home/student/.local/lib/python3.9/site-packages/yamllint/__init__.py
2026-03-16T05:09:55.979378+00:00 DEBUG 'ansible_navigator.main' zipp==3.23.0 /home/student/.local/lib/python3.9/site-packages/zipp/__init__.py
2026-03-16T05:09:55.979387+00:00 DEBUG 'ansible_navigator.main' Default collection_doc_cache_path set to: /home/student/.cache/ansible-navigator/collection_doc_cache.db
2026-03-16T05:09:55.979396+00:00 DEBUG 'ansible_navigator.main' EDITOR environment variable not set
2026-03-16T05:09:55.979404+00:00 DEBUG 'ansible_navigator.main' Default editor_command set to: vi +{line_number} {filename}
2026-03-16T05:09:55.979413+00:00 DEBUG 'ansible_navigator.main' No config file set by ANSIBLE_NAVIGATOR_CONFIG
2026-03-16T05:09:55.979421+00:00 DEBUG 'ansible_navigator.main' Looking in /home/student
2026-03-16T05:09:55.979430+00:00 DEBUG 'ansible_navigator.main' Looking for '/home/student/.ansible-navigator.yml', '/home/student/.ansible-navigator.yaml' and '/home/student/.ansible-navigator.json'
2026-03-16T05:09:55.979439+00:00 DEBUG 'ansible_navigator.main' Found 0: 
2026-03-16T05:09:55.979448+00:00 DEBUG 'ansible_navigator.main' Looking in /home/student/2_implementacion_de_playbooks
2026-03-16T05:09:55.979457+00:00 DEBUG 'ansible_navigator.main' Looking for '/home/student/2_implementacion_de_playbooks/ansible-navigator.yml', '/home/student/2_implementacion_de_playbooks/ansible-navigator.yaml' and '/home/student/2_implementacion_de_playbooks/ansible-navigator.json'
2026-03-16T05:09:55.979467+00:00 DEBUG 'ansible_navigator.main' Found 0: 
2026-03-16T05:09:55.979476+00:00 DEBUG 'ansible_navigator.main' All found 0: 
2026-03-16T05:09:55.979485+00:00 DEBUG 'ansible_navigator.main' Using: None
2026-03-16T05:09:55.979493+00:00 DEBUG 'ansible_navigator.main' No valid settings file found, using all default values for settings.
2026-03-16T05:09:55.979502+00:00 DEBUG 'ansible_navigator.main' Command provided: 'image'
2026-03-16T05:09:55.979512+00:00 WARNING 'ansible_navigator.main' Configuration errors encountered, rolling back to previous configuration.
2026-03-16T05:09:55.979521+00:00 DEBUG 'ansible_navigator.main' Prior to rollback: ansible_runner_artifact_dir = 'Not set' (Constants/Not set)
2026-03-16T05:09:55.979532+00:00 DEBUG 'ansible_navigator.main' Prior to rollback: ansible_runner_rotate_artifacts_count = 'Not set' (Constants/Not set)
2026-03-16T05:09:55.979541+00:00 DEBUG 'ansible_navigator.main' Prior to rollback: ansible_runner_timeout = 'Not set' (Constants/Not set)
2026-03-16T05:09:55.979549+00:00 DEBUG 'ansible_navigator.main' Prior to rollback: ansible_runner_write_job_events = 'False' (bool/Defaults)
2026-03-16T05:09:55.979558+00:00 DEBUG 'ansible_navigator.main' Prior to rollback: app = 'welcome' (str/Defaults)
2026-03-16T05:09:55.979567+00:00 DEBUG 'ansible_navigator.main' Prior to rollback: cmdline = '['image']' (list/Command line)
2026-03-16T05:09:55.979575+00:00 DEBUG 'ansible_navigator.main' Prior to rollback: collection_doc_cache_path = '/home/student/.cache/ansible-navigator/collection_doc_cache.db' (str/Defaults)
2026-03-16T05:09:55.979584+00:00 DEBUG 'ansible_navigator.main' Prior to rollback: config = 'Not set' (Constants/Not set)
2026-03-16T05:09:55.979593+00:00 DEBUG 'ansible_navigator.main' Prior to rollback: container_engine = 'auto' (str/Defaults)
2026-03-16T05:09:55.979601+00:00 DEBUG 'ansible_navigator.main' Prior to rollback: container_options = 'Not set' (Constants/Not set)
2026-03-16T05:09:55.979610+00:00 DEBUG 'ansible_navigator.main' Prior to rollback: display_color = 'True' (bool/Defaults)
2026-03-16T05:09:55.979619+00:00 DEBUG 'ansible_navigator.main' Prior to rollback: editor_command = 'vi +{line_number} {filename}' (str/Defaults)
2026-03-16T05:09:55.979628+00:00 DEBUG 'ansible_navigator.main' Prior to rollback: editor_console = 'True' (bool/Defaults)
2026-03-16T05:09:55.979636+00:00 DEBUG 'ansible_navigator.main' Prior to rollback: enable_prompts = 'False' (bool/Defaults)
2026-03-16T05:09:55.979645+00:00 DEBUG 'ansible_navigator.main' Prior to rollback: exec_command = '/bin/bash' (str/Defaults)
2026-03-16T05:09:55.979653+00:00 DEBUG 'ansible_navigator.main' Prior to rollback: exec_shell = 'True' (bool/Defaults)
2026-03-16T05:09:55.979662+00:00 DEBUG 'ansible_navigator.main' Prior to rollback: execution_environment = 'True' (bool/Defaults)
2026-03-16T05:09:55.979670+00:00 DEBUG 'ansible_navigator.main' Prior to rollback: execution_environment_image = 'ghcr.io/ansible/creator-ee:v0.22.0' (str/Defaults)
2026-03-16T05:09:55.979679+00:00 DEBUG 'ansible_navigator.main' Prior to rollback: execution_environment_volume_mounts = 'Not set' (Constants/Not set)
2026-03-16T05:09:55.979688+00:00 DEBUG 'ansible_navigator.main' Prior to rollback: format = 'yaml' (str/Defaults)
2026-03-16T05:09:55.979696+00:00 DEBUG 'ansible_navigator.main' Prior to rollback: help_builder = 'False' (bool/Defaults)
2026-03-16T05:09:55.979705+00:00 DEBUG 'ansible_navigator.main' Prior to rollback: help_config = 'False' (bool/Defaults)
2026-03-16T05:09:55.979713+00:00 DEBUG 'ansible_navigator.main' Prior to rollback: help_doc = 'False' (bool/Defaults)
2026-03-16T05:09:55.979722+00:00 DEBUG 'ansible_navigator.main' Prior to rollback: help_inventory = 'False' (bool/Defaults)
2026-03-16T05:09:55.979731+00:00 DEBUG 'ansible_navigator.main' Prior to rollback: help_playbook = 'False' (bool/Defaults)
2026-03-16T05:09:55.979740+00:00 DEBUG 'ansible_navigator.main' Prior to rollback: images_details = '['everything']' (list/Defaults)
2026-03-16T05:09:55.979749+00:00 DEBUG 'ansible_navigator.main' Prior to rollback: inventory = 'Not set' (Constants/Not set)
2026-03-16T05:09:55.979757+00:00 DEBUG 'ansible_navigator.main' Prior to rollback: inventory_column = 'Not set' (Constants/Not set)
2026-03-16T05:09:55.979766+00:00 DEBUG 'ansible_navigator.main' Prior to rollback: lint_config = 'Not set' (Constants/Not set)
2026-03-16T05:09:55.979774+00:00 DEBUG 'ansible_navigator.main' Prior to rollback: lintables = 'Not set' (Constants/Not set)
2026-03-16T05:09:55.979783+00:00 DEBUG 'ansible_navigator.main' Prior to rollback: log_append = 'True' (bool/Defaults)
2026-03-16T05:09:55.979792+00:00 DEBUG 'ansible_navigator.main' Prior to rollback: log_file = '/home/student/2_implementacion_de_playbooks/ansible-navigator.log' (str/Defaults)
2026-03-16T05:09:55.979801+00:00 DEBUG 'ansible_navigator.main' Prior to rollback: log_level = 'warning' (str/Defaults)
2026-03-16T05:09:55.979810+00:00 DEBUG 'ansible_navigator.main' Prior to rollback: mode = 'interactive' (str/Defaults)
2026-03-16T05:09:55.979819+00:00 DEBUG 'ansible_navigator.main' Prior to rollback: osc4 = 'True' (bool/Defaults)
2026-03-16T05:09:55.979827+00:00 DEBUG 'ansible_navigator.main' Prior to rollback: pass_environment_variable = 'Not set' (Constants/Not set)
2026-03-16T05:09:55.979836+00:00 DEBUG 'ansible_navigator.main' Prior to rollback: playbook = 'Not set' (Constants/Not set)
2026-03-16T05:09:55.979844+00:00 DEBUG 'ansible_navigator.main' Prior to rollback: playbook_artifact_enable = 'True' (bool/Defaults)
2026-03-16T05:09:55.979853+00:00 DEBUG 'ansible_navigator.main' Prior to rollback: playbook_artifact_replay = 'Not set' (Constants/Not set)
2026-03-16T05:09:55.979862+00:00 DEBUG 'ansible_navigator.main' Prior to rollback: playbook_artifact_save_as = '{playbook_dir}/{playbook_name}-artifact-{time_stamp}.json' (str/Defaults)
2026-03-16T05:09:55.979871+00:00 DEBUG 'ansible_navigator.main' Prior to rollback: plugin_name = 'Not set' (Constants/Not set)
2026-03-16T05:09:55.979879+00:00 DEBUG 'ansible_navigator.main' Prior to rollback: plugin_type = 'module' (str/Defaults)
2026-03-16T05:09:55.979888+00:00 DEBUG 'ansible_navigator.main' Prior to rollback: pull_arguments = 'Not set' (Constants/Not set)
2026-03-16T05:09:55.979896+00:00 DEBUG 'ansible_navigator.main' Prior to rollback: pull_policy = 'tag' (str/Defaults)
2026-03-16T05:09:55.979905+00:00 DEBUG 'ansible_navigator.main' Prior to rollback: set_environment_variable = 'Not set' (Constants/Not set)
2026-03-16T05:09:55.979913+00:00 DEBUG 'ansible_navigator.main' Prior to rollback: settings_effective = 'False' (bool/Defaults)
2026-03-16T05:09:55.979922+00:00 DEBUG 'ansible_navigator.main' Prior to rollback: settings_sample = 'False' (bool/Defaults)
2026-03-16T05:09:55.979931+00:00 DEBUG 'ansible_navigator.main' Prior to rollback: settings_schema = 'json' (str/Defaults)
2026-03-16T05:09:55.979939+00:00 DEBUG 'ansible_navigator.main' Prior to rollback: settings_sources = 'False' (bool/Defaults)
2026-03-16T05:09:55.979948+00:00 DEBUG 'ansible_navigator.main' Prior to rollback: time_zone = 'UTC' (str/Defaults)
2026-03-16T05:09:55.979956+00:00 DEBUG 'ansible_navigator.main' Prior to rollback: workdir = '/home/student/2_implementacion_de_playbooks' (str/Defaults)
2026-03-16T05:09:55.979965+00:00 DEBUG 'ansible_navigator.main' After rollback: ansible_runner_artifact_dir = 'Not set' (Constants/Not set)
2026-03-16T05:09:55.979974+00:00 DEBUG 'ansible_navigator.main' After rollback: ansible_runner_rotate_artifacts_count = 'Not set' (Constants/Not set)
2026-03-16T05:09:55.979982+00:00 DEBUG 'ansible_navigator.main' After rollback: ansible_runner_timeout = 'Not set' (Constants/Not set)
2026-03-16T05:09:55.979991+00:00 DEBUG 'ansible_navigator.main' After rollback: ansible_runner_write_job_events = 'Not set' (Constants/Not set)
2026-03-16T05:09:55.980000+00:00 DEBUG 'ansible_navigator.main' After rollback: app = 'Not set' (Constants/Not set)
2026-03-16T05:09:55.980008+00:00 DEBUG 'ansible_navigator.main' After rollback: cmdline = 'Not set' (Constants/Not set)
2026-03-16T05:09:55.980017+00:00 DEBUG 'ansible_navigator.main' After rollback: collection_doc_cache_path = 'Not set' (Constants/Not set)
2026-03-16T05:09:55.980025+00:00 DEBUG 'ansible_navigator.main' After rollback: config = 'Not set' (Constants/Not set)
2026-03-16T05:09:55.980034+00:00 DEBUG 'ansible_navigator.main' After rollback: container_engine = 'Not set' (Constants/Not set)
2026-03-16T05:09:55.980042+00:00 DEBUG 'ansible_navigator.main' After rollback: container_options = 'Not set' (Constants/Not set)
2026-03-16T05:09:55.980051+00:00 DEBUG 'ansible_navigator.main' After rollback: display_color = 'Not set' (Constants/Not set)
2026-03-16T05:09:55.980059+00:00 DEBUG 'ansible_navigator.main' After rollback: editor_command = 'Not set' (Constants/Not set)
2026-03-16T05:09:55.980075+00:00 DEBUG 'ansible_navigator.main' After rollback: editor_console = 'Not set' (Constants/Not set)
2026-03-16T05:09:55.980085+00:00 DEBUG 'ansible_navigator.main' After rollback: enable_prompts = 'Not set' (Constants/Not set)
2026-03-16T05:09:55.980094+00:00 DEBUG 'ansible_navigator.main' After rollback: exec_command = 'Not set' (Constants/Not set)
2026-03-16T05:09:55.980102+00:00 DEBUG 'ansible_navigator.main' After rollback: exec_shell = 'Not set' (Constants/Not set)
2026-03-16T05:09:55.980111+00:00 DEBUG 'ansible_navigator.main' After rollback: execution_environment = 'Not set' (Constants/Not set)
2026-03-16T05:09:55.980119+00:00 DEBUG 'ansible_navigator.main' After rollback: execution_environment_image = 'Not set' (Constants/Not set)
2026-03-16T05:09:55.980128+00:00 DEBUG 'ansible_navigator.main' After rollback: execution_environment_volume_mounts = 'Not set' (Constants/Not set)
2026-03-16T05:09:55.980137+00:00 DEBUG 'ansible_navigator.main' After rollback: format = 'Not set' (Constants/Not set)
2026-03-16T05:09:55.980146+00:00 DEBUG 'ansible_navigator.main' After rollback: help_builder = 'Not set' (Constants/Not set)
2026-03-16T05:09:55.980154+00:00 DEBUG 'ansible_navigator.main' After rollback: help_config = 'Not set' (Constants/Not set)
2026-03-16T05:09:55.980163+00:00 DEBUG 'ansible_navigator.main' After rollback: help_doc = 'Not set' (Constants/Not set)
2026-03-16T05:09:55.980171+00:00 DEBUG 'ansible_navigator.main' After rollback: help_inventory = 'Not set' (Constants/Not set)
2026-03-16T05:09:55.980180+00:00 DEBUG 'ansible_navigator.main' After rollback: help_playbook = 'Not set' (Constants/Not set)
2026-03-16T05:09:55.980189+00:00 DEBUG 'ansible_navigator.main' After rollback: images_details = 'Not set' (Constants/Not set)
2026-03-16T05:09:55.980197+00:00 DEBUG 'ansible_navigator.main' After rollback: inventory = 'Not set' (Constants/Not set)
2026-03-16T05:09:55.980206+00:00 DEBUG 'ansible_navigator.main' After rollback: inventory_column = 'Not set' (Constants/Not set)
2026-03-16T05:09:55.980215+00:00 DEBUG 'ansible_navigator.main' After rollback: lint_config = 'Not set' (Constants/Not set)
2026-03-16T05:09:55.980223+00:00 DEBUG 'ansible_navigator.main' After rollback: lintables = 'Not set' (Constants/Not set)
2026-03-16T05:09:55.980232+00:00 DEBUG 'ansible_navigator.main' After rollback: log_append = 'Not set' (Constants/Not set)
2026-03-16T05:09:55.980241+00:00 DEBUG 'ansible_navigator.main' After rollback: log_file = 'Not set' (Constants/Not set)
2026-03-16T05:09:55.980249+00:00 DEBUG 'ansible_navigator.main' After rollback: log_level = 'Not set' (Constants/Not set)
2026-03-16T05:09:55.980258+00:00 DEBUG 'ansible_navigator.main' After rollback: mode = 'Not set' (Constants/Not set)
2026-03-16T05:09:55.980267+00:00 DEBUG 'ansible_navigator.main' After rollback: osc4 = 'Not set' (Constants/Not set)
2026-03-16T05:09:55.980275+00:00 DEBUG 'ansible_navigator.main' After rollback: pass_environment_variable = 'Not set' (Constants/Not set)
2026-03-16T05:09:55.980284+00:00 DEBUG 'ansible_navigator.main' After rollback: playbook = 'Not set' (Constants/Not set)
2026-03-16T05:09:55.980292+00:00 DEBUG 'ansible_navigator.main' After rollback: playbook_artifact_enable = 'Not set' (Constants/Not set)
2026-03-16T05:09:55.980301+00:00 DEBUG 'ansible_navigator.main' After rollback: playbook_artifact_replay = 'Not set' (Constants/Not set)
2026-03-16T05:09:55.980317+00:00 DEBUG 'ansible_navigator.main' After rollback: playbook_artifact_save_as = 'Not set' (Constants/Not set)
2026-03-16T05:09:55.980326+00:00 DEBUG 'ansible_navigator.main' After rollback: plugin_name = 'Not set' (Constants/Not set)
2026-03-16T05:09:55.980335+00:00 DEBUG 'ansible_navigator.main' After rollback: plugin_type = 'Not set' (Constants/Not set)
2026-03-16T05:09:55.980344+00:00 DEBUG 'ansible_navigator.main' After rollback: pull_arguments = 'Not set' (Constants/Not set)
2026-03-16T05:09:55.980352+00:00 DEBUG 'ansible_navigator.main' After rollback: pull_policy = 'Not set' (Constants/Not set)
2026-03-16T05:09:55.980361+00:00 DEBUG 'ansible_navigator.main' After rollback: set_environment_variable = 'Not set' (Constants/Not set)
2026-03-16T05:09:55.980372+00:00 DEBUG 'ansible_navigator.main' After rollback: settings_effective = 'Not set' (Constants/Not set)
2026-03-16T05:09:55.980381+00:00 DEBUG 'ansible_navigator.main' After rollback: settings_sample = 'Not set' (Constants/Not set)
2026-03-16T05:09:55.980390+00:00 DEBUG 'ansible_navigator.main' After rollback: settings_schema = 'Not set' (Constants/Not set)
2026-03-16T05:09:55.980399+00:00 DEBUG 'ansible_navigator.main' After rollback: settings_sources = 'Not set' (Constants/Not set)
2026-03-16T05:09:55.980407+00:00 DEBUG 'ansible_navigator.main' After rollback: time_zone = 'Not set' (Constants/Not set)
2026-03-16T05:09:55.980416+00:00 DEBUG 'ansible_navigator.main' After rollback: workdir = 'Not set' (Constants/Not set)
2026-03-16T05:09:55.980424+00:00 DEBUG 'ansible_navigator.main' Configuration rollback complete.
2026-03-16T05:09:55.980433+00:00 DEBUG 'ansible_navigator.main' Collection doc cache not mounted
2026-03-16T05:09:55.980448+00:00 WARNING 'ansible_navigator.main' Issues were found while applying the settings.
2026-03-16T05:09:55.980458+00:00 INFO 'ansible_navigator.main' Command provided: 'image'
2026-03-16T05:09:55.980469+00:00 ERROR 'ansible_navigator.main' argument {subcommand} --help: invalid choice: 'image' (choose from 'builder', 'collections', 'config', 'doc', 'exec', 'images', 'inventory', 'lint', 'replay', 'run', 'settings', 'welcome')
2026-03-16T05:09:55.980480+00:00 INFO 'ansible_navigator.main' Configuration failed, using default log file location. (/home/student/2_implementacion_de_playbooks/ansible-navigator.log) Log level set to debug
2026-03-16T05:09:55.980490+00:00 INFO 'ansible_navigator.main' Review the hints and log file to see what went wrong.
2026-03-16T05:20:17.941102+00:00 CRITICAL 'ansible_navigator.actions.run_playbook._handle_message' Unhandled message from runner queue, discarded: {'event': 'verbose', 'uuid': '0e1a03d0-2da4-493d-83ca-63dafce9e210', 'counter': 1, 'stdout': '\x1b[0;35m[DEPRECATION WARNING]: [defaults]collections_paths option, does not fit var \x1b[0m', 'start_line': 0, 'end_line': 1, 'runner_ident': '6faec9bc-434b-4098-a453-e061e5fa2ad1', 'created': '2026-03-16T05:20:17.938595+00:00'}
2026-03-16T05:20:17.941478+00:00 CRITICAL 'ansible_navigator.actions.run_playbook._handle_message' Unhandled message from runner queue, discarded: {'event': 'verbose', 'uuid': 'fae1fbdb-ab96-44c3-b096-ca1b0060d836', 'counter': 2, 'stdout': '\x1b[0;35mnaming standard, use the singular form collections_path instead. This feature \x1b[0m', 'start_line': 1, 'end_line': 2, 'runner_ident': '6faec9bc-434b-4098-a453-e061e5fa2ad1', 'created': '2026-03-16T05:20:17.938829+00:00'}
2026-03-16T05:20:17.941546+00:00 CRITICAL 'ansible_navigator.actions.run_playbook._handle_message' Unhandled message from runner queue, discarded: {'event': 'verbose', 'uuid': '751febfa-e341-4fc3-a6f1-a96297cafc21', 'counter': 3, 'stdout': '\x1b[0;35mwill be removed from ansible-core in version 2.19. Deprecation warnings can be \x1b[0m', 'start_line': 2, 'end_line': 3, 'runner_ident': '6faec9bc-434b-4098-a453-e061e5fa2ad1', 'created': '2026-03-16T05:20:17.938886+00:00'}
2026-03-16T05:20:17.941606+00:00 CRITICAL 'ansible_navigator.actions.run_playbook._handle_message' Unhandled message from runner queue, discarded: {'event': 'verbose', 'uuid': 'a86560d0-6304-4fcc-a83e-e1e7cd7a79d8', 'counter': 4, 'stdout': '\x1b[0;35mdisabled by setting deprecation_warnings=False in ansible.cfg.\x1b[0m', 'start_line': 3, 'end_line': 4, 'runner_ident': '6faec9bc-434b-4098-a453-e061e5fa2ad1', 'created': '2026-03-16T05:20:17.938933+00:00'}
2026-03-16T05:20:18.022820+00:00 CRITICAL 'ansible_navigator.actions.run_playbook._handle_message' Unhandled message from runner queue, discarded: {'event': 'verbose', 'uuid': 'b1b020c5-452a-41a5-82e1-071f8a543935', 'counter': 5, 'stdout': '\x1b[1;35m[WARNING]: Invalid characters were found in group names but not replaced, use\x1b[0m', 'start_line': 4, 'end_line': 5, 'runner_ident': '6faec9bc-434b-4098-a453-e061e5fa2ad1', 'created': '2026-03-16T05:20:18.022627+00:00'}
2026-03-16T05:20:18.022960+00:00 CRITICAL 'ansible_navigator.actions.run_playbook._handle_message' Unhandled message from runner queue, discarded: {'event': 'verbose', 'uuid': 'cb41d9e8-7271-4a0c-abe7-d35b8d81e641', 'counter': 6, 'stdout': '\x1b[1;35m-vvvv to see details\x1b[0m', 'start_line': 5, 'end_line': 6, 'runner_ident': '6faec9bc-434b-4098-a453-e061e5fa2ad1', 'created': '2026-03-16T05:20:18.022719+00:00'}
2026-03-16T05:22:19.158225+00:00 CRITICAL 'ansible_navigator.actions.run_playbook._handle_message' Unhandled message from runner queue, discarded: {'event': 'verbose', 'uuid': 'aea1d5e2-f48b-4c7a-99d1-d93cfd682c18', 'counter': 1, 'stdout': '\x1b[0;35m[DEPRECATION WARNING]: [defaults]collections_paths option, does not fit var \x1b[0m', 'start_line': 0, 'end_line': 1, 'runner_ident': '78ca8a4f-080a-4501-968c-ba129c17d3f4', 'created': '2026-03-16T05:22:19.155885+00:00'}
2026-03-16T05:22:19.158533+00:00 CRITICAL 'ansible_navigator.actions.run_playbook._handle_message' Unhandled message from runner queue, discarded: {'event': 'verbose', 'uuid': '6db26cdb-f024-454a-82a2-7342b67764e5', 'counter': 2, 'stdout': '\x1b[0;35mnaming standard, use the singular form collections_path instead. This feature \x1b[0m', 'start_line': 1, 'end_line': 2, 'runner_ident': '78ca8a4f-080a-4501-968c-ba129c17d3f4', 'created': '2026-03-16T05:22:19.156080+00:00'}
2026-03-16T05:22:19.158579+00:00 CRITICAL 'ansible_navigator.actions.run_playbook._handle_message' Unhandled message from runner queue, discarded: {'event': 'verbose', 'uuid': '3282d338-7e97-47ea-aaf2-e8f0f0b2123b', 'counter': 3, 'stdout': '\x1b[0;35mwill be removed from ansible-core in version 2.19. Deprecation warnings can be \x1b[0m', 'start_line': 2, 'end_line': 3, 'runner_ident': '78ca8a4f-080a-4501-968c-ba129c17d3f4', 'created': '2026-03-16T05:22:19.156114+00:00'}
2026-03-16T05:22:19.158610+00:00 CRITICAL 'ansible_navigator.actions.run_playbook._handle_message' Unhandled message from runner queue, discarded: {'event': 'verbose', 'uuid': '18251f01-3e08-4af8-b2c9-42791c3b414c', 'counter': 4, 'stdout': '\x1b[0;35mdisabled by setting deprecation_warnings=False in ansible.cfg.\x1b[0m', 'start_line': 3, 'end_line': 4, 'runner_ident': '78ca8a4f-080a-4501-968c-ba129c17d3f4', 'created': '2026-03-16T05:22:19.156134+00:00'}
2026-03-16T05:22:19.239308+00:00 CRITICAL 'ansible_navigator.actions.run_playbook._handle_message' Unhandled message from runner queue, discarded: {'event': 'verbose', 'uuid': '53d49227-c15e-4736-aedb-895efb399be5', 'counter': 5, 'stdout': '\x1b[1;35m[WARNING]: Invalid characters were found in group names but not replaced, use\x1b[0m', 'start_line': 4, 'end_line': 5, 'runner_ident': '78ca8a4f-080a-4501-968c-ba129c17d3f4', 'created': '2026-03-16T05:22:19.230169+00:00'}
2026-03-16T05:22:19.239437+00:00 CRITICAL 'ansible_navigator.actions.run_playbook._handle_message' Unhandled message from runner queue, discarded: {'event': 'verbose', 'uuid': '64f54d4f-885e-4ed1-bf44-f8394f6a9a57', 'counter': 6, 'stdout': '\x1b[1;35m-vvvv to see details\x1b[0m', 'start_line': 5, 'end_line': 6, 'runner_ident': '78ca8a4f-080a-4501-968c-ba129c17d3f4', 'created': '2026-03-16T05:22:19.230245+00:00'}
2026-03-16T05:25:20.542875+00:00 CRITICAL 'ansible_navigator.actions.run_playbook._handle_message' Unhandled message from runner queue, discarded: {'event': 'verbose', 'uuid': 'd41a64af-ea45-4b7b-8107-d439405503b8', 'counter': 1, 'stdout': '\x1b[0;35m[DEPRECATION WARNING]: [defaults]collections_paths option, does not fit var \x1b[0m', 'start_line': 0, 'end_line': 1, 'runner_ident': 'ee0d5680-716a-40ce-b61e-0b7b0dae0541', 'created': '2026-03-16T05:25:20.538797+00:00'}
2026-03-16T05:25:20.543243+00:00 CRITICAL 'ansible_navigator.actions.run_playbook._handle_message' Unhandled message from runner queue, discarded: {'event': 'verbose', 'uuid': '00981ff8-4a0d-44d5-a68d-7e06b391df67', 'counter': 2, 'stdout': '\x1b[0;35mnaming standard, use the singular form collections_path instead. This feature \x1b[0m', 'start_line': 1, 'end_line': 2, 'runner_ident': 'ee0d5680-716a-40ce-b61e-0b7b0dae0541', 'created': '2026-03-16T05:25:20.538949+00:00'}
2026-03-16T05:25:20.543383+00:00 CRITICAL 'ansible_navigator.actions.run_playbook._handle_message' Unhandled message from runner queue, discarded: {'event': 'verbose', 'uuid': 'e0eece80-980c-4f26-8ec3-dd8db10740c8', 'counter': 3, 'stdout': '\x1b[0;35mwill be removed from ansible-core in version 2.19. Deprecation warnings can be \x1b[0m', 'start_line': 2, 'end_line': 3, 'runner_ident': 'ee0d5680-716a-40ce-b61e-0b7b0dae0541', 'created': '2026-03-16T05:25:20.538990+00:00'}
2026-03-16T05:25:20.543446+00:00 CRITICAL 'ansible_navigator.actions.run_playbook._handle_message' Unhandled message from runner queue, discarded: {'event': 'verbose', 'uuid': 'da766248-ab33-46fa-aec4-595e97faf743', 'counter': 4, 'stdout': '\x1b[0;35mdisabled by setting deprecation_warnings=False in ansible.cfg.\x1b[0m', 'start_line': 3, 'end_line': 4, 'runner_ident': 'ee0d5680-716a-40ce-b61e-0b7b0dae0541', 'created': '2026-03-16T05:25:20.539021+00:00'}
2026-03-16T05:25:20.617007+00:00 CRITICAL 'ansible_navigator.actions.run_playbook._handle_message' Unhandled message from runner queue, discarded: {'event': 'verbose', 'uuid': '3843a151-13bd-4e03-97b1-c572ed2a85a7', 'counter': 5, 'stdout': '\x1b[1;35m[WARNING]: Invalid characters were found in group names but not replaced, use\x1b[0m', 'start_line': 4, 'end_line': 5, 'runner_ident': 'ee0d5680-716a-40ce-b61e-0b7b0dae0541', 'created': '2026-03-16T05:25:20.614969+00:00'}
2026-03-16T05:25:20.617145+00:00 CRITICAL 'ansible_navigator.actions.run_playbook._handle_message' Unhandled message from runner queue, discarded: {'event': 'verbose', 'uuid': '2dbe601f-7ca2-42bf-8eb5-2808a1aa726f', 'counter': 6, 'stdout': '\x1b[1;35m-vvvv to see details\x1b[0m', 'start_line': 5, 'end_line': 6, 'runner_ident': 'ee0d5680-716a-40ce-b61e-0b7b0dae0541', 'created': '2026-03-16T05:25:20.615060+00:00'}
2026-03-16T05:25:20.627333+00:00 CRITICAL 'ansible_navigator.actions.run_playbook._handle_message' Unhandled message from runner queue, discarded: {'event': 'verbose', 'uuid': 'f594c2f7-f0db-4ef2-b547-85be4543cef9', 'counter': 7, 'stdout': '\x1b[1;35m[WARNING]:  * Failed to parse\x1b[0m', 'start_line': 6, 'end_line': 7, 'runner_ident': 'ee0d5680-716a-40ce-b61e-0b7b0dae0541', 'created': '2026-03-16T05:25:20.618691+00:00'}
2026-03-16T05:25:20.627476+00:00 CRITICAL 'ansible_navigator.actions.run_playbook._handle_message' Unhandled message from runner queue, discarded: {'event': 'verbose', 'uuid': '81991e0f-f39b-420c-9698-1d1d674b9d51', 'counter': 8, 'stdout': '\x1b[1;35m/home/student/2_implementacion_de_playbooks/inventory with yaml plugin: We were\x1b[0m', 'start_line': 7, 'end_line': 8, 'runner_ident': 'ee0d5680-716a-40ce-b61e-0b7b0dae0541', 'created': '2026-03-16T05:25:20.618749+00:00'}
2026-03-16T05:25:20.627528+00:00 CRITICAL 'ansible_navigator.actions.run_playbook._handle_message' Unhandled message from runner queue, discarded: {'event': 'verbose', 'uuid': '03867a89-7d90-4b19-8fc9-57c3989c0e23', 'counter': 9, 'stdout': '\x1b[1;35munable to read either as JSON nor YAML, these are the errors we got from each:\x1b[0m', 'start_line': 8, 'end_line': 9, 'runner_ident': 'ee0d5680-716a-40ce-b61e-0b7b0dae0541', 'created': '2026-03-16T05:25:20.618774+00:00'}
2026-03-16T05:25:20.627568+00:00 CRITICAL 'ansible_navigator.actions.run_playbook._handle_message' Unhandled message from runner queue, discarded: {'event': 'verbose', 'uuid': 'e31742b5-5883-49b9-82b8-627c61d898b9', 'counter': 10, 'stdout': '\x1b[1;35mJSON: Expecting value: line 1 column 2 (char 1)  Syntax Error while loading\x1b[0m', 'start_line': 9, 'end_line': 10, 'runner_ident': 'ee0d5680-716a-40ce-b61e-0b7b0dae0541', 'created': '2026-03-16T05:25:20.618858+00:00'}
2026-03-16T05:25:20.627602+00:00 CRITICAL 'ansible_navigator.actions.run_playbook._handle_message' Unhandled message from runner queue, discarded: {'event': 'verbose', 'uuid': 'a71bcaf5-1539-430c-ae2f-806e87ab101f', 'counter': 11, 'stdout': '\x1b[1;35mYAML.   did not find expected <document start>  The error appears to be in\x1b[0m', 'start_line': 10, 'end_line': 11, 'runner_ident': 'ee0d5680-716a-40ce-b61e-0b7b0dae0541', 'created': '2026-03-16T05:25:20.618885+00:00'}
2026-03-16T05:25:20.627639+00:00 CRITICAL 'ansible_navigator.actions.run_playbook._handle_message' Unhandled message from runner queue, discarded: {'event': 'verbose', 'uuid': '65c5d92e-34fd-4382-8fd3-21ae43ff20ff', 'counter': 12, 'stdout': "\x1b[1;35m'/home/student/2_implementacion_de_playbooks/inventory': line 2, column 1, but\x1b[0m", 'start_line': 11, 'end_line': 12, 'runner_ident': 'ee0d5680-716a-40ce-b61e-0b7b0dae0541', 'created': '2026-03-16T05:25:20.618905+00:00'}
2026-03-16T05:25:20.627671+00:00 CRITICAL 'ansible_navigator.actions.run_playbook._handle_message' Unhandled message from runner queue, discarded: {'event': 'verbose', 'uuid': 'a02e5a4c-e8b1-4c04-9a78-c20815c7f06e', 'counter': 13, 'stdout': '\x1b[1;35mmay be elsewhere in the file depending on the exact syntax problem.  The\x1b[0m', 'start_line': 12, 'end_line': 13, 'runner_ident': 'ee0d5680-716a-40ce-b61e-0b7b0dae0541', 'created': '2026-03-16T05:25:20.618927+00:00'}
2026-03-16T05:25:20.627706+00:00 CRITICAL 'ansible_navigator.actions.run_playbook._handle_message' Unhandled message from runner queue, discarded: {'event': 'verbose', 'uuid': '7d92596e-9140-4576-bd66-8430793d37be', 'counter': 14, 'stdout': '\x1b[1;35moffending line appears to be:  [dev] 192.168.18.34 ^ here\x1b[0m', 'start_line': 13, 'end_line': 14, 'runner_ident': 'ee0d5680-716a-40ce-b61e-0b7b0dae0541', 'created': '2026-03-16T05:25:20.618950+00:00'}
2026-03-16T05:25:20.627737+00:00 CRITICAL 'ansible_navigator.actions.run_playbook._handle_message' Unhandled message from runner queue, discarded: {'event': 'verbose', 'uuid': 'f601fc6c-683f-4f44-911b-5c42d06cb652', 'counter': 15, 'stdout': '\x1b[1;35m[WARNING]:  * Failed to parse\x1b[0m', 'start_line': 14, 'end_line': 15, 'runner_ident': 'ee0d5680-716a-40ce-b61e-0b7b0dae0541', 'created': '2026-03-16T05:25:20.618967+00:00'}
2026-03-16T05:25:20.627768+00:00 CRITICAL 'ansible_navigator.actions.run_playbook._handle_message' Unhandled message from runner queue, discarded: {'event': 'verbose', 'uuid': '31519a10-d0af-4c5c-9341-2316fad98e9b', 'counter': 16, 'stdout': '\x1b[1;35m/home/student/2_implementacion_de_playbooks/inventory with ini plugin:\x1b[0m', 'start_line': 15, 'end_line': 16, 'runner_ident': 'ee0d5680-716a-40ce-b61e-0b7b0dae0541', 'created': '2026-03-16T05:25:20.618985+00:00'}
2026-03-16T05:25:20.627800+00:00 CRITICAL 'ansible_navigator.actions.run_playbook._handle_message' Unhandled message from runner queue, discarded: {'event': 'verbose', 'uuid': 'e921d58f-cb1d-4999-a43f-5faef0daa391', 'counter': 17, 'stdout': '\x1b[1;35m/home/student/2_implementacion_de_playbooks/inventory:12: Expected key=value\x1b[0m', 'start_line': 16, 'end_line': 17, 'runner_ident': 'ee0d5680-716a-40ce-b61e-0b7b0dae0541', 'created': '2026-03-16T05:25:20.619003+00:00'}
2026-03-16T05:25:20.627829+00:00 CRITICAL 'ansible_navigator.actions.run_playbook._handle_message' Unhandled message from runner queue, discarded: {'event': 'verbose', 'uuid': 'f825f5ce-5078-41e6-bcf2-e389df5dac26', 'counter': 18, 'stdout': '\x1b[1;35mhost variable assignment, got: student\x1b[0m', 'start_line': 17, 'end_line': 18, 'runner_ident': 'ee0d5680-716a-40ce-b61e-0b7b0dae0541', 'created': '2026-03-16T05:25:20.619019+00:00'}
2026-03-16T05:25:20.627857+00:00 CRITICAL 'ansible_navigator.actions.run_playbook._handle_message' Unhandled message from runner queue, discarded: {'event': 'verbose', 'uuid': '15b2973a-a685-46ac-bbee-a47cb5d7812b', 'counter': 19, 'stdout': '\x1b[1;35m[WARNING]: Unable to parse\x1b[0m', 'start_line': 18, 'end_line': 19, 'runner_ident': 'ee0d5680-716a-40ce-b61e-0b7b0dae0541', 'created': '2026-03-16T05:25:20.619036+00:00'}
2026-03-16T05:25:20.627887+00:00 CRITICAL 'ansible_navigator.actions.run_playbook._handle_message' Unhandled message from runner queue, discarded: {'event': 'verbose', 'uuid': 'b42395e5-739d-46ed-b301-80d0d0807ce3', 'counter': 20, 'stdout': '\x1b[1;35m/home/student/2_implementacion_de_playbooks/inventory as an inventory source\x1b[0m', 'start_line': 19, 'end_line': 20, 'runner_ident': 'ee0d5680-716a-40ce-b61e-0b7b0dae0541', 'created': '2026-03-16T05:25:20.619052+00:00'}
2026-03-16T05:25:20.627919+00:00 CRITICAL 'ansible_navigator.actions.run_playbook._handle_message' Unhandled message from runner queue, discarded: {'event': 'verbose', 'uuid': '5c588cfb-bdfd-41f9-9bfb-5857582d3978', 'counter': 21, 'stdout': '\x1b[1;35m[WARNING]: No inventory was parsed, only implicit localhost is available\x1b[0m', 'start_line': 20, 'end_line': 21, 'runner_ident': 'ee0d5680-716a-40ce-b61e-0b7b0dae0541', 'created': '2026-03-16T05:25:20.619077+00:00'}
2026-03-16T05:25:20.627951+00:00 CRITICAL 'ansible_navigator.actions.run_playbook._handle_message' Unhandled message from runner queue, discarded: {'event': 'verbose', 'uuid': 'f30f0a39-3689-4aa2-862f-9ed0c8150765', 'counter': 22, 'stdout': '\x1b[1;35m[WARNING]: provided hosts list is empty, only localhost is available. Note that\x1b[0m', 'start_line': 21, 'end_line': 22, 'runner_ident': 'ee0d5680-716a-40ce-b61e-0b7b0dae0541', 'created': '2026-03-16T05:25:20.623221+00:00'}
2026-03-16T05:25:20.627982+00:00 CRITICAL 'ansible_navigator.actions.run_playbook._handle_message' Unhandled message from runner queue, discarded: {'event': 'verbose', 'uuid': '20873eaf-c158-4b36-bfa6-722fc7f288ff', 'counter': 23, 'stdout': "\x1b[1;35mthe implicit localhost does not match 'all'\x1b[0m", 'start_line': 22, 'end_line': 23, 'runner_ident': 'ee0d5680-716a-40ce-b61e-0b7b0dae0541', 'created': '2026-03-16T05:25:20.623297+00:00'}
2026-03-16T05:38:32.994706+00:00 CRITICAL 'ansible_navigator.actions.run_playbook._handle_message' Unhandled message from runner queue, discarded: {'event': 'verbose', 'uuid': '32bd0c59-e1c2-4a94-a6d7-0a4a880d2301', 'counter': 1, 'stdout': '\x1b[0;35m[DEPRECATION WARNING]: [defaults]collections_paths option, does not fit var \x1b[0m', 'start_line': 0, 'end_line': 1, 'runner_ident': '18d1deb2-ec66-4861-829c-ba15956ff1e5', 'created': '2026-03-16T05:38:32.989792+00:00'}
2026-03-16T05:38:32.996099+00:00 CRITICAL 'ansible_navigator.actions.run_playbook._handle_message' Unhandled message from runner queue, discarded: {'event': 'verbose', 'uuid': '8d03740a-d9e5-48d1-b799-891c5e3bb7f2', 'counter': 2, 'stdout': '\x1b[0;35mnaming standard, use the singular form collections_path instead. This feature \x1b[0m', 'start_line': 1, 'end_line': 2, 'runner_ident': '18d1deb2-ec66-4861-829c-ba15956ff1e5', 'created': '2026-03-16T05:38:32.989967+00:00'}
2026-03-16T05:38:32.996180+00:00 CRITICAL 'ansible_navigator.actions.run_playbook._handle_message' Unhandled message from runner queue, discarded: {'event': 'verbose', 'uuid': '8ec1125e-01c5-4121-8eef-0f2485cfaf4b', 'counter': 3, 'stdout': '\x1b[0;35mwill be removed from ansible-core in version 2.19. Deprecation warnings can be \x1b[0m', 'start_line': 2, 'end_line': 3, 'runner_ident': '18d1deb2-ec66-4861-829c-ba15956ff1e5', 'created': '2026-03-16T05:38:32.990000+00:00'}
2026-03-16T05:38:32.996224+00:00 CRITICAL 'ansible_navigator.actions.run_playbook._handle_message' Unhandled message from runner queue, discarded: {'event': 'verbose', 'uuid': '8522e5ef-1a9d-4c1f-ade4-8b9e5d477039', 'counter': 4, 'stdout': '\x1b[0;35mdisabled by setting deprecation_warnings=False in ansible.cfg.\x1b[0m', 'start_line': 3, 'end_line': 4, 'runner_ident': '18d1deb2-ec66-4861-829c-ba15956ff1e5', 'created': '2026-03-16T05:38:32.990024+00:00'}
2026-03-16T05:38:33.098051+00:00 CRITICAL 'ansible_navigator.actions.run_playbook._handle_message' Unhandled message from runner queue, discarded: {'event': 'verbose', 'uuid': 'df27549c-4f8a-44b8-a25e-9282fc097c7f', 'counter': 5, 'stdout': '\x1b[1;35m[WARNING]: Invalid characters were found in group names but not replaced, use\x1b[0m', 'start_line': 4, 'end_line': 5, 'runner_ident': '18d1deb2-ec66-4861-829c-ba15956ff1e5', 'created': '2026-03-16T05:38:33.088388+00:00'}
2026-03-16T05:38:33.098192+00:00 CRITICAL 'ansible_navigator.actions.run_playbook._handle_message' Unhandled message from runner queue, discarded: {'event': 'verbose', 'uuid': 'f62ad5e1-8456-43b0-9ada-6f06c619f1cb', 'counter': 6, 'stdout': '\x1b[1;35m-vvvv to see details\x1b[0m', 'start_line': 5, 'end_line': 6, 'runner_ident': '18d1deb2-ec66-4861-829c-ba15956ff1e5', 'created': '2026-03-16T05:38:33.088509+00:00'}
2026-03-16T05:38:33.098252+00:00 CRITICAL 'ansible_navigator.actions.run_playbook._handle_message' Unhandled message from runner queue, discarded: {'event': 'verbose', 'uuid': '8244d46e-34a4-4137-8608-ef505531b86b', 'counter': 7, 'stdout': '\x1b[1;35m[WARNING]:  * Failed to parse\x1b[0m', 'start_line': 6, 'end_line': 7, 'runner_ident': '18d1deb2-ec66-4861-829c-ba15956ff1e5', 'created': '2026-03-16T05:38:33.090011+00:00'}
2026-03-16T05:38:33.098297+00:00 CRITICAL 'ansible_navigator.actions.run_playbook._handle_message' Unhandled message from runner queue, discarded: {'event': 'verbose', 'uuid': '4c41ea54-1ba3-4810-9319-18086db85d37', 'counter': 8, 'stdout': '\x1b[1;35m/home/student/2_implementacion_de_playbooks/inventory with yaml plugin: We were\x1b[0m', 'start_line': 7, 'end_line': 8, 'runner_ident': '18d1deb2-ec66-4861-829c-ba15956ff1e5', 'created': '2026-03-16T05:38:33.090093+00:00'}
2026-03-16T05:38:33.098338+00:00 CRITICAL 'ansible_navigator.actions.run_playbook._handle_message' Unhandled message from runner queue, discarded: {'event': 'verbose', 'uuid': '1ff6e305-89a2-4a1b-8ce7-ae6bf1e03cd2', 'counter': 9, 'stdout': '\x1b[1;35munable to read either as JSON nor YAML, these are the errors we got from each:\x1b[0m', 'start_line': 8, 'end_line': 9, 'runner_ident': '18d1deb2-ec66-4861-829c-ba15956ff1e5', 'created': '2026-03-16T05:38:33.090147+00:00'}
2026-03-16T05:38:33.098389+00:00 CRITICAL 'ansible_navigator.actions.run_playbook._handle_message' Unhandled message from runner queue, discarded: {'event': 'verbose', 'uuid': '9fd9c96e-0dfc-40f6-a25e-8cfb21101eb1', 'counter': 10, 'stdout': '\x1b[1;35mJSON: Expecting value: line 1 column 2 (char 1)  Syntax Error while loading\x1b[0m', 'start_line': 9, 'end_line': 10, 'runner_ident': '18d1deb2-ec66-4861-829c-ba15956ff1e5', 'created': '2026-03-16T05:38:33.090206+00:00'}
2026-03-16T05:38:33.098445+00:00 CRITICAL 'ansible_navigator.actions.run_playbook._handle_message' Unhandled message from runner queue, discarded: {'event': 'verbose', 'uuid': '6d63150c-ef9d-4f0c-b801-78986d27cd0b', 'counter': 11, 'stdout': '\x1b[1;35mYAML.   did not find expected <document start>  The error appears to be in\x1b[0m', 'start_line': 10, 'end_line': 11, 'runner_ident': '18d1deb2-ec66-4861-829c-ba15956ff1e5', 'created': '2026-03-16T05:38:33.090252+00:00'}
2026-03-16T05:38:33.098485+00:00 CRITICAL 'ansible_navigator.actions.run_playbook._handle_message' Unhandled message from runner queue, discarded: {'event': 'verbose', 'uuid': 'fdb0b5a0-37e5-453d-a2b5-449322a9c22e', 'counter': 12, 'stdout': "\x1b[1;35m'/home/student/2_implementacion_de_playbooks/inventory': line 2, column 1, but\x1b[0m", 'start_line': 11, 'end_line': 12, 'runner_ident': '18d1deb2-ec66-4861-829c-ba15956ff1e5', 'created': '2026-03-16T05:38:33.090296+00:00'}
2026-03-16T05:38:33.098524+00:00 CRITICAL 'ansible_navigator.actions.run_playbook._handle_message' Unhandled message from runner queue, discarded: {'event': 'verbose', 'uuid': '73709283-2126-41a9-9b5b-472513b61cb7', 'counter': 13, 'stdout': '\x1b[1;35mmay be elsewhere in the file depending on the exact syntax problem.  The\x1b[0m', 'start_line': 12, 'end_line': 13, 'runner_ident': '18d1deb2-ec66-4861-829c-ba15956ff1e5', 'created': '2026-03-16T05:38:33.090339+00:00'}
2026-03-16T05:38:33.098561+00:00 CRITICAL 'ansible_navigator.actions.run_playbook._handle_message' Unhandled message from runner queue, discarded: {'event': 'verbose', 'uuid': '35bcac9d-d4c9-4b54-8877-0eecf38b4741', 'counter': 14, 'stdout': '\x1b[1;35moffending line appears to be:  [dev] 192.168.18.34 ^ here\x1b[0m', 'start_line': 13, 'end_line': 14, 'runner_ident': '18d1deb2-ec66-4861-829c-ba15956ff1e5', 'created': '2026-03-16T05:38:33.090395+00:00'}
2026-03-16T05:38:33.098596+00:00 CRITICAL 'ansible_navigator.actions.run_playbook._handle_message' Unhandled message from runner queue, discarded: {'event': 'verbose', 'uuid': '32b942f8-22d6-4729-b3cd-95eb5d8c4279', 'counter': 15, 'stdout': '\x1b[1;35m[WARNING]:  * Failed to parse\x1b[0m', 'start_line': 14, 'end_line': 15, 'runner_ident': '18d1deb2-ec66-4861-829c-ba15956ff1e5', 'created': '2026-03-16T05:38:33.090441+00:00'}
2026-03-16T05:38:33.098633+00:00 CRITICAL 'ansible_navigator.actions.run_playbook._handle_message' Unhandled message from runner queue, discarded: {'event': 'verbose', 'uuid': 'bcd1a062-4cda-4393-ac4a-f2fe26524144', 'counter': 16, 'stdout': '\x1b[1;35m/home/student/2_implementacion_de_playbooks/inventory with ini plugin:\x1b[0m', 'start_line': 15, 'end_line': 16, 'runner_ident': '18d1deb2-ec66-4861-829c-ba15956ff1e5', 'created': '2026-03-16T05:38:33.090483+00:00'}
2026-03-16T05:38:33.098668+00:00 CRITICAL 'ansible_navigator.actions.run_playbook._handle_message' Unhandled message from runner queue, discarded: {'event': 'verbose', 'uuid': 'cb5ba76a-4a4f-4797-8beb-18c8ea638540', 'counter': 17, 'stdout': '\x1b[1;35m/home/student/2_implementacion_de_playbooks/inventory:12: Expected key=value\x1b[0m', 'start_line': 16, 'end_line': 17, 'runner_ident': '18d1deb2-ec66-4861-829c-ba15956ff1e5', 'created': '2026-03-16T05:38:33.090526+00:00'}
2026-03-16T05:38:33.098702+00:00 CRITICAL 'ansible_navigator.actions.run_playbook._handle_message' Unhandled message from runner queue, discarded: {'event': 'verbose', 'uuid': 'f084f982-91f3-432e-a539-ddd42b8e038d', 'counter': 18, 'stdout': '\x1b[1;35mhost variable assignment, got: student\x1b[0m', 'start_line': 17, 'end_line': 18, 'runner_ident': '18d1deb2-ec66-4861-829c-ba15956ff1e5', 'created': '2026-03-16T05:38:33.090569+00:00'}
2026-03-16T05:38:33.098736+00:00 CRITICAL 'ansible_navigator.actions.run_playbook._handle_message' Unhandled message from runner queue, discarded: {'event': 'verbose', 'uuid': '82569001-4bbc-440a-9dfa-2dd5aea2b230', 'counter': 19, 'stdout': '\x1b[1;35m[WARNING]: Unable to parse\x1b[0m', 'start_line': 18, 'end_line': 19, 'runner_ident': '18d1deb2-ec66-4861-829c-ba15956ff1e5', 'created': '2026-03-16T05:38:33.090811+00:00'}
2026-03-16T05:38:33.098770+00:00 CRITICAL 'ansible_navigator.actions.run_playbook._handle_message' Unhandled message from runner queue, discarded: {'event': 'verbose', 'uuid': 'c1defcbc-4cbf-4d02-a9a3-dcf81d551ac9', 'counter': 20, 'stdout': '\x1b[1;35m/home/student/2_implementacion_de_playbooks/inventory as an inventory source\x1b[0m', 'start_line': 19, 'end_line': 20, 'runner_ident': '18d1deb2-ec66-4861-829c-ba15956ff1e5', 'created': '2026-03-16T05:38:33.090861+00:00'}
2026-03-16T05:38:33.098805+00:00 CRITICAL 'ansible_navigator.actions.run_playbook._handle_message' Unhandled message from runner queue, discarded: {'event': 'verbose', 'uuid': '1bf1535d-a5e4-43df-924f-488a7c4dc3c9', 'counter': 21, 'stdout': '\x1b[1;35m[WARNING]: No inventory was parsed, only implicit localhost is available\x1b[0m', 'start_line': 20, 'end_line': 21, 'runner_ident': '18d1deb2-ec66-4861-829c-ba15956ff1e5', 'created': '2026-03-16T05:38:33.090904+00:00'}
2026-03-16T05:38:33.098839+00:00 CRITICAL 'ansible_navigator.actions.run_playbook._handle_message' Unhandled message from runner queue, discarded: {'event': 'verbose', 'uuid': '44d5a356-f7b9-4b6d-9171-ccbee8a5244a', 'counter': 22, 'stdout': '\x1b[1;35m[WARNING]: provided hosts list is empty, only localhost is available. Note that\x1b[0m', 'start_line': 21, 'end_line': 22, 'runner_ident': '18d1deb2-ec66-4861-829c-ba15956ff1e5', 'created': '2026-03-16T05:38:33.094967+00:00'}
2026-03-16T05:38:33.098875+00:00 CRITICAL 'ansible_navigator.actions.run_playbook._handle_message' Unhandled message from runner queue, discarded: {'event': 'verbose', 'uuid': '360d02ca-53d4-4634-bc7f-ef7856dff185', 'counter': 23, 'stdout': "\x1b[1;35mthe implicit localhost does not match 'all'\x1b[0m", 'start_line': 22, 'end_line': 23, 'runner_ident': '18d1deb2-ec66-4861-829c-ba15956ff1e5', 'created': '2026-03-16T05:38:33.095032+00:00'}
2026-03-16T05:41:37.644865+00:00 CRITICAL 'ansible_navigator.actions.run_playbook._handle_message' Unhandled message from runner queue, discarded: {'event': 'verbose', 'uuid': '746bcd36-7117-4df2-b22b-27558f7b1a44', 'counter': 1, 'stdout': '\x1b[1;35m[WARNING]: Invalid characters were found in group names but not replaced, use\x1b[0m', 'start_line': 0, 'end_line': 1, 'runner_ident': '206386c2-8c1f-4e58-ad64-9c1069e991c1', 'created': '2026-03-16T05:41:37.639210+00:00'}
2026-03-16T05:41:37.645331+00:00 CRITICAL 'ansible_navigator.actions.run_playbook._handle_message' Unhandled message from runner queue, discarded: {'event': 'verbose', 'uuid': '77b4aee3-9f5c-41c1-80db-736430233ef7', 'counter': 2, 'stdout': '\x1b[1;35m-vvvv to see details\x1b[0m', 'start_line': 1, 'end_line': 2, 'runner_ident': '206386c2-8c1f-4e58-ad64-9c1069e991c1', 'created': '2026-03-16T05:41:37.639404+00:00'}
2026-03-16T05:43:09.998789+00:00 CRITICAL 'ansible_navigator.actions.run_playbook._handle_message' Unhandled message from runner queue, discarded: {'event': 'verbose', 'uuid': 'e46ac01b-6460-4da2-b000-30cc4c0ebd31', 'counter': 1, 'stdout': '\x1b[1;35m[WARNING]: Invalid characters were found in group names but not replaced, use\x1b[0m', 'start_line': 0, 'end_line': 1, 'runner_ident': 'e26d2563-92c5-420f-9976-a0b57bdae2b5', 'created': '2026-03-16T05:43:09.996683+00:00'}
2026-03-16T05:43:09.999269+00:00 CRITICAL 'ansible_navigator.actions.run_playbook._handle_message' Unhandled message from runner queue, discarded: {'event': 'verbose', 'uuid': '8e97866f-f518-4a83-9933-54c9b88b7b2a', 'counter': 2, 'stdout': '\x1b[1;35m-vvvv to see details\x1b[0m', 'start_line': 1, 'end_line': 2, 'runner_ident': 'e26d2563-92c5-420f-9976-a0b57bdae2b5', 'created': '2026-03-16T05:43:09.996852+00:00'}
2026-03-16T05:44:10.284093+00:00 CRITICAL 'ansible_navigator.actions.run_playbook._handle_message' Unhandled message from runner queue, discarded: {'event': 'verbose', 'uuid': '14a3724c-50f5-4492-9139-52f371a9fb66', 'counter': 1, 'stdout': '\x1b[1;35m[WARNING]: Invalid characters were found in group names but not replaced, use\x1b[0m', 'start_line': 0, 'end_line': 1, 'runner_ident': 'd84add10-28f1-4f4f-9d03-062cdafea333', 'created': '2026-03-16T05:44:10.281498+00:00'}
2026-03-16T05:44:10.284383+00:00 CRITICAL 'ansible_navigator.actions.run_playbook._handle_message' Unhandled message from runner queue, discarded: {'event': 'verbose', 'uuid': '79e14b31-5774-456a-9e9e-29e19f643e90', 'counter': 2, 'stdout': '\x1b[1;35m-vvvv to see details\x1b[0m', 'start_line': 1, 'end_line': 2, 'runner_ident': 'd84add10-28f1-4f4f-9d03-062cdafea333', 'created': '2026-03-16T05:44:10.281879+00:00'}
2026-03-16T05:47:27.716738+00:00 CRITICAL 'ansible_navigator.actions.run_playbook._handle_message' Unhandled message from runner queue, discarded: {'event': 'verbose', 'uuid': '7749f858-e1ab-4f39-abd4-6dd8f88dbe98', 'counter': 1, 'stdout': '\x1b[1;35m[WARNING]: Invalid characters were found in group names but not replaced, use\x1b[0m', 'start_line': 0, 'end_line': 1, 'runner_ident': '64d67a72-4272-45da-be15-8e6355a7d9c3', 'created': '2026-03-16T05:47:27.714704+00:00'}
2026-03-16T05:47:27.717053+00:00 CRITICAL 'ansible_navigator.actions.run_playbook._handle_message' Unhandled message from runner queue, discarded: {'event': 'verbose', 'uuid': '77c13430-4be5-46fb-8911-419e1528562b', 'counter': 2, 'stdout': '\x1b[1;35m-vvvv to see details\x1b[0m', 'start_line': 1, 'end_line': 2, 'runner_ident': '64d67a72-4272-45da-be15-8e6355a7d9c3', 'created': '2026-03-16T05:47:27.714926+00:00'}
2026-03-16T05:47:27.717105+00:00 CRITICAL 'ansible_navigator.actions.run_playbook._handle_message' Unhandled message from runner queue, discarded: {'event': 'verbose', 'uuid': '0da07baf-d75a-4dda-bbd7-1f37f6ec3851', 'counter': 3, 'stdout': '\x1b[1;35m[WARNING]:  * Failed to parse\x1b[0m', 'start_line': 2, 'end_line': 3, 'runner_ident': '64d67a72-4272-45da-be15-8e6355a7d9c3', 'created': '2026-03-16T05:47:27.715453+00:00'}
2026-03-16T05:47:27.717136+00:00 CRITICAL 'ansible_navigator.actions.run_playbook._handle_message' Unhandled message from runner queue, discarded: {'event': 'verbose', 'uuid': 'bb794dd3-0cf1-432d-bc96-1bbe4df30ac2', 'counter': 4, 'stdout': '\x1b[1;35m/home/student/2_implementacion_de_playbooks/inventory with yaml plugin: We were\x1b[0m', 'start_line': 3, 'end_line': 4, 'runner_ident': '64d67a72-4272-45da-be15-8e6355a7d9c3', 'created': '2026-03-16T05:47:27.715497+00:00'}
2026-03-16T05:47:27.717169+00:00 CRITICAL 'ansible_navigator.actions.run_playbook._handle_message' Unhandled message from runner queue, discarded: {'event': 'verbose', 'uuid': '79cfc010-0107-43eb-9167-b77fcbdd6886', 'counter': 5, 'stdout': '\x1b[1;35munable to read either as JSON nor YAML, these are the errors we got from each:\x1b[0m', 'start_line': 4, 'end_line': 5, 'runner_ident': '64d67a72-4272-45da-be15-8e6355a7d9c3', 'created': '2026-03-16T05:47:27.715518+00:00'}
2026-03-16T05:47:27.717196+00:00 CRITICAL 'ansible_navigator.actions.run_playbook._handle_message' Unhandled message from runner queue, discarded: {'event': 'verbose', 'uuid': 'fb897cf7-8bd9-41dc-902c-c0e0c60590ca', 'counter': 6, 'stdout': '\x1b[1;35mJSON: Expecting value: line 1 column 2 (char 1)  Syntax Error while loading\x1b[0m', 'start_line': 5, 'end_line': 6, 'runner_ident': '64d67a72-4272-45da-be15-8e6355a7d9c3', 'created': '2026-03-16T05:47:27.715537+00:00'}
2026-03-16T05:47:27.717225+00:00 CRITICAL 'ansible_navigator.actions.run_playbook._handle_message' Unhandled message from runner queue, discarded: {'event': 'verbose', 'uuid': '9df81d05-9cae-4352-b696-e7747bbbe5b2', 'counter': 7, 'stdout': '\x1b[1;35mYAML.   did not find expected <document start>  The error appears to be in\x1b[0m', 'start_line': 6, 'end_line': 7, 'runner_ident': '64d67a72-4272-45da-be15-8e6355a7d9c3', 'created': '2026-03-16T05:47:27.715555+00:00'}
2026-03-16T05:47:27.717252+00:00 CRITICAL 'ansible_navigator.actions.run_playbook._handle_message' Unhandled message from runner queue, discarded: {'event': 'verbose', 'uuid': '1c304df2-50f3-47f5-b639-baa6944c0fe8', 'counter': 8, 'stdout': "\x1b[1;35m'/home/student/2_implementacion_de_playbooks/inventory': line 2, column 1, but\x1b[0m", 'start_line': 7, 'end_line': 8, 'runner_ident': '64d67a72-4272-45da-be15-8e6355a7d9c3', 'created': '2026-03-16T05:47:27.715572+00:00'}
2026-03-16T05:47:27.717278+00:00 CRITICAL 'ansible_navigator.actions.run_playbook._handle_message' Unhandled message from runner queue, discarded: {'event': 'verbose', 'uuid': 'c60679dc-b185-4446-abc0-4775a637d213', 'counter': 9, 'stdout': '\x1b[1;35mmay be elsewhere in the file depending on the exact syntax problem.  The\x1b[0m', 'start_line': 8, 'end_line': 9, 'runner_ident': '64d67a72-4272-45da-be15-8e6355a7d9c3', 'created': '2026-03-16T05:47:27.715589+00:00'}
2026-03-16T05:47:27.717309+00:00 CRITICAL 'ansible_navigator.actions.run_playbook._handle_message' Unhandled message from runner queue, discarded: {'event': 'verbose', 'uuid': 'dfc3f863-0ca5-45fe-b5ec-4ea806a70a2d', 'counter': 10, 'stdout': '\x1b[1;35moffending line appears to be:  [dev] 192.168.18.34 ^ here\x1b[0m', 'start_line': 9, 'end_line': 10, 'runner_ident': '64d67a72-4272-45da-be15-8e6355a7d9c3', 'created': '2026-03-16T05:47:27.715607+00:00'}
2026-03-16T05:47:27.717339+00:00 CRITICAL 'ansible_navigator.actions.run_playbook._handle_message' Unhandled message from runner queue, discarded: {'event': 'verbose', 'uuid': '6b1a0ae9-3663-45ac-b9d5-d82bd33153c0', 'counter': 11, 'stdout': '\x1b[1;35m[WARNING]:  * Failed to parse\x1b[0m', 'start_line': 10, 'end_line': 11, 'runner_ident': '64d67a72-4272-45da-be15-8e6355a7d9c3', 'created': '2026-03-16T05:47:27.715623+00:00'}
2026-03-16T05:47:27.717366+00:00 CRITICAL 'ansible_navigator.actions.run_playbook._handle_message' Unhandled message from runner queue, discarded: {'event': 'verbose', 'uuid': '0ed0c131-1ebc-4aaf-8d6a-73e5241e4920', 'counter': 12, 'stdout': '\x1b[1;35m/home/student/2_implementacion_de_playbooks/inventory with ini plugin:\x1b[0m', 'start_line': 11, 'end_line': 12, 'runner_ident': '64d67a72-4272-45da-be15-8e6355a7d9c3', 'created': '2026-03-16T05:47:27.715639+00:00'}
2026-03-16T05:47:27.717392+00:00 CRITICAL 'ansible_navigator.actions.run_playbook._handle_message' Unhandled message from runner queue, discarded: {'event': 'verbose', 'uuid': 'cf697b78-998f-4c25-973b-9b22419197b3', 'counter': 13, 'stdout': '\x1b[1;35m/home/student/2_implementacion_de_playbooks/inventory:12: Expected key=value\x1b[0m', 'start_line': 12, 'end_line': 13, 'runner_ident': '64d67a72-4272-45da-be15-8e6355a7d9c3', 'created': '2026-03-16T05:47:27.715655+00:00'}
2026-03-16T05:47:27.717420+00:00 CRITICAL 'ansible_navigator.actions.run_playbook._handle_message' Unhandled message from runner queue, discarded: {'event': 'verbose', 'uuid': 'cda8cba5-3303-4963-b6a7-1984f579ce79', 'counter': 14, 'stdout': '\x1b[1;35mhost variable assignment, got: student\x1b[0m', 'start_line': 13, 'end_line': 14, 'runner_ident': '64d67a72-4272-45da-be15-8e6355a7d9c3', 'created': '2026-03-16T05:47:27.715672+00:00'}
2026-03-16T05:47:27.717446+00:00 CRITICAL 'ansible_navigator.actions.run_playbook._handle_message' Unhandled message from runner queue, discarded: {'event': 'verbose', 'uuid': '678a8c15-39c3-4eb1-8f1c-0a1447509a71', 'counter': 15, 'stdout': '\x1b[1;35m[WARNING]: Unable to parse\x1b[0m', 'start_line': 14, 'end_line': 15, 'runner_ident': '64d67a72-4272-45da-be15-8e6355a7d9c3', 'created': '2026-03-16T05:47:27.715687+00:00'}
2026-03-16T05:47:27.717472+00:00 CRITICAL 'ansible_navigator.actions.run_playbook._handle_message' Unhandled message from runner queue, discarded: {'event': 'verbose', 'uuid': '9a8af7e8-d7d1-4c64-afd2-ffbf33e688f8', 'counter': 16, 'stdout': '\x1b[1;35m/home/student/2_implementacion_de_playbooks/inventory as an inventory source\x1b[0m', 'start_line': 15, 'end_line': 16, 'runner_ident': '64d67a72-4272-45da-be15-8e6355a7d9c3', 'created': '2026-03-16T05:47:27.715705+00:00'}
2026-03-16T05:47:27.717497+00:00 CRITICAL 'ansible_navigator.actions.run_playbook._handle_message' Unhandled message from runner queue, discarded: {'event': 'verbose', 'uuid': '12251748-7209-4a57-b67c-e13a5a980e29', 'counter': 17, 'stdout': '\x1b[1;35m[WARNING]: No inventory was parsed, only implicit localhost is available\x1b[0m', 'start_line': 16, 'end_line': 17, 'runner_ident': '64d67a72-4272-45da-be15-8e6355a7d9c3', 'created': '2026-03-16T05:47:27.715721+00:00'}
2026-03-16T05:47:27.727764+00:00 CRITICAL 'ansible_navigator.actions.run_playbook._handle_message' Unhandled message from runner queue, discarded: {'event': 'verbose', 'uuid': 'c97519b8-7f61-4f7a-9b7c-93b512325c39', 'counter': 18, 'stdout': '\x1b[1;35m[WARNING]: provided hosts list is empty, only localhost is available. Note that\x1b[0m', 'start_line': 17, 'end_line': 18, 'runner_ident': '64d67a72-4272-45da-be15-8e6355a7d9c3', 'created': '2026-03-16T05:47:27.717898+00:00'}
2026-03-16T05:47:27.727853+00:00 CRITICAL 'ansible_navigator.actions.run_playbook._handle_message' Unhandled message from runner queue, discarded: {'event': 'verbose', 'uuid': '4c973ad5-8cee-404d-8216-27c72b93ba01', 'counter': 19, 'stdout': "\x1b[1;35mthe implicit localhost does not match 'all'\x1b[0m", 'start_line': 18, 'end_line': 19, 'runner_ident': '64d67a72-4272-45da-be15-8e6355a7d9c3', 'created': '2026-03-16T05:47:27.717938+00:00'}
2026-03-18T18:45:13.056246+00:00 CRITICAL 'ansible_navigator.actions.run_playbook._handle_message' Unhandled message from runner queue, discarded: {'event': 'verbose', 'uuid': '895e7647-9f04-415b-8f7b-a4cfe5ad6af3', 'counter': 1, 'stdout': '\x1b[1;35m[WARNING]: Invalid characters were found in group names but not replaced, use\x1b[0m', 'start_line': 0, 'end_line': 1, 'runner_ident': '8e85a816-7cec-49e2-b3cb-0a056423602f', 'created': '2026-03-18T18:45:13.050114+00:00'}
2026-03-18T18:45:13.057242+00:00 CRITICAL 'ansible_navigator.actions.run_playbook._handle_message' Unhandled message from runner queue, discarded: {'event': 'verbose', 'uuid': '2a0cb86c-b6b2-4594-b55d-d88dc14f9bd3', 'counter': 2, 'stdout': '\x1b[1;35m-vvvv to see details\x1b[0m', 'start_line': 1, 'end_line': 2, 'runner_ident': '8e85a816-7cec-49e2-b3cb-0a056423602f', 'created': '2026-03-18T18:45:13.050336+00:00'}
2026-03-18T18:45:13.118118+00:00 CRITICAL 'ansible_navigator.actions.run_playbook._handle_message' Unhandled message from runner queue, discarded: {'event': 'verbose', 'uuid': '5f04aea3-b4eb-4639-bbf5-416629b19134', 'counter': 3, 'stdout': '\x1b[0;31mERROR! We were unable to read either as JSON nor YAML, these are the errors we got from each:\x1b[0m', 'start_line': 2, 'end_line': 3, 'runner_ident': '8e85a816-7cec-49e2-b3cb-0a056423602f', 'created': '2026-03-18T18:45:13.108944+00:00'}
2026-03-18T18:45:13.118259+00:00 CRITICAL 'ansible_navigator.actions.run_playbook._handle_message' Unhandled message from runner queue, discarded: {'event': 'verbose', 'uuid': '45e3f5ca-644a-4829-840a-4027f449f980', 'counter': 4, 'stdout': '\x1b[0;31mJSON: Expecting value: line 1 column 1 (char 0)\x1b[0m', 'start_line': 3, 'end_line': 4, 'runner_ident': '8e85a816-7cec-49e2-b3cb-0a056423602f', 'created': '2026-03-18T18:45:13.109020+00:00'}
2026-03-18T18:45:13.118303+00:00 CRITICAL 'ansible_navigator.actions.run_playbook._handle_message' Unhandled message from runner queue, discarded: {'event': 'verbose', 'uuid': 'b2b5c89e-085b-4896-96bb-98b861518ee8', 'counter': 5, 'stdout': '\x1b[0;31m\x1b[0m', 'start_line': 4, 'end_line': 5, 'runner_ident': '8e85a816-7cec-49e2-b3cb-0a056423602f', 'created': '2026-03-18T18:45:13.109044+00:00'}
2026-03-18T18:45:13.118334+00:00 CRITICAL 'ansible_navigator.actions.run_playbook._handle_message' Unhandled message from runner queue, discarded: {'event': 'verbose', 'uuid': 'a33ad516-93b4-4f75-b8a1-829b7268551a', 'counter': 6, 'stdout': '\x1b[0;31mSyntax Error while loading YAML.\x1b[0m', 'start_line': 5, 'end_line': 6, 'runner_ident': '8e85a816-7cec-49e2-b3cb-0a056423602f', 'created': '2026-03-18T18:45:13.109065+00:00'}
2026-03-18T18:45:13.118359+00:00 CRITICAL 'ansible_navigator.actions.run_playbook._handle_message' Unhandled message from runner queue, discarded: {'event': 'verbose', 'uuid': 'bd1eec05-2cf9-4078-a8b9-27f630e360c8', 'counter': 7, 'stdout': '\x1b[0;31m  mapping values are not allowed in this context\x1b[0m', 'start_line': 6, 'end_line': 7, 'runner_ident': '8e85a816-7cec-49e2-b3cb-0a056423602f', 'created': '2026-03-18T18:45:13.109084+00:00'}
2026-03-18T18:45:13.118384+00:00 CRITICAL 'ansible_navigator.actions.run_playbook._handle_message' Unhandled message from runner queue, discarded: {'event': 'verbose', 'uuid': '1c7e8016-27e2-472d-8220-90a2e0c05c06', 'counter': 8, 'stdout': '\x1b[0;31m\x1b[0m', 'start_line': 7, 'end_line': 8, 'runner_ident': '8e85a816-7cec-49e2-b3cb-0a056423602f', 'created': '2026-03-18T18:45:13.109101+00:00'}
2026-03-18T18:45:13.118412+00:00 CRITICAL 'ansible_navigator.actions.run_playbook._handle_message' Unhandled message from runner queue, discarded: {'event': 'verbose', 'uuid': '1e4d555d-06e7-4f6e-a137-7635a1023d3b', 'counter': 9, 'stdout': "\x1b[0;31mThe error appears to be in '/home/student/2_implementacion_de_playbooks/check_access.yml': line 8, column 15, but may\x1b[0m", 'start_line': 8, 'end_line': 9, 'runner_ident': '8e85a816-7cec-49e2-b3cb-0a056423602f', 'created': '2026-03-18T18:45:13.109269+00:00'}
2026-03-18T18:45:13.118439+00:00 CRITICAL 'ansible_navigator.actions.run_playbook._handle_message' Unhandled message from runner queue, discarded: {'event': 'verbose', 'uuid': 'a7560aad-e2fb-49a3-9775-e3c018ddf659', 'counter': 10, 'stdout': '\x1b[0;31mbe elsewhere in the file depending on the exact syntax problem.\x1b[0m', 'start_line': 9, 'end_line': 10, 'runner_ident': '8e85a816-7cec-49e2-b3cb-0a056423602f', 'created': '2026-03-18T18:45:13.109302+00:00'}
2026-03-18T18:45:13.118465+00:00 CRITICAL 'ansible_navigator.actions.run_playbook._handle_message' Unhandled message from runner queue, discarded: {'event': 'verbose', 'uuid': '81210db0-dea8-40ef-be46-8c3322c27711', 'counter': 11, 'stdout': '\x1b[0;31m\x1b[0m', 'start_line': 10, 'end_line': 11, 'runner_ident': '8e85a816-7cec-49e2-b3cb-0a056423602f', 'created': '2026-03-18T18:45:13.109325+00:00'}
2026-03-18T18:45:13.118490+00:00 CRITICAL 'ansible_navigator.actions.run_playbook._handle_message' Unhandled message from runner queue, discarded: {'event': 'verbose', 'uuid': '03db2638-a51d-4dab-803d-08c74e17e20d', 'counter': 12, 'stdout': '\x1b[0;31mThe offending line appears to be:\x1b[0m', 'start_line': 11, 'end_line': 12, 'runner_ident': '8e85a816-7cec-49e2-b3cb-0a056423602f', 'created': '2026-03-18T18:45:13.109344+00:00'}
2026-03-18T18:45:13.118517+00:00 CRITICAL 'ansible_navigator.actions.run_playbook._handle_message' Unhandled message from runner queue, discarded: {'event': 'verbose', 'uuid': '79385cf6-3984-4ff2-9e0e-a07bd1a4480e', 'counter': 13, 'stdout': '\x1b[0;31m\x1b[0m', 'start_line': 12, 'end_line': 13, 'runner_ident': '8e85a816-7cec-49e2-b3cb-0a056423602f', 'created': '2026-03-18T18:45:13.109364+00:00'}
2026-03-18T18:45:13.118543+00:00 CRITICAL 'ansible_navigator.actions.run_playbook._handle_message' Unhandled message from runner queue, discarded: {'event': 'verbose', 'uuid': '70863c2b-80da-4fc7-a6c0-fc999f0dea3c', 'counter': 14, 'stdout': '\x1b[0;31m      command: whoami\x1b[0m', 'start_line': 13, 'end_line': 14, 'runner_ident': '8e85a816-7cec-49e2-b3cb-0a056423602f', 'created': '2026-03-18T18:45:13.109382+00:00'}
2026-03-18T18:45:13.118569+00:00 CRITICAL 'ansible_navigator.actions.run_playbook._handle_message' Unhandled message from runner queue, discarded: {'event': 'verbose', 'uuid': 'ae1e93d5-8a7e-4963-a37b-b1319592ea02', 'counter': 15, 'stdout': '\x1b[0;31m        become: true\x1b[0m', 'start_line': 14, 'end_line': 15, 'runner_ident': '8e85a816-7cec-49e2-b3cb-0a056423602f', 'created': '2026-03-18T18:45:13.109400+00:00'}
2026-03-18T18:45:13.118595+00:00 CRITICAL 'ansible_navigator.actions.run_playbook._handle_message' Unhandled message from runner queue, discarded: {'event': 'verbose', 'uuid': '380e9c4e-174a-444a-a324-09b4eb16f128', 'counter': 16, 'stdout': '\x1b[0;31m              ^ here\x1b[0m', 'start_line': 15, 'end_line': 16, 'runner_ident': '8e85a816-7cec-49e2-b3cb-0a056423602f', 'created': '2026-03-18T18:45:13.109417+00:00'}
2026-03-18T18:46:46.603377+00:00 CRITICAL 'ansible_navigator.actions.run_playbook._handle_message' Unhandled message from runner queue, discarded: {'event': 'verbose', 'uuid': '321ad92c-b14e-4d08-b551-08766b969380', 'counter': 1, 'stdout': '\x1b[1;35m[WARNING]: Invalid characters were found in group names but not replaced, use\x1b[0m', 'start_line': 0, 'end_line': 1, 'runner_ident': 'f8a59d11-e7b8-463d-91a5-7ab183302901', 'created': '2026-03-18T18:46:46.597824+00:00'}
2026-03-18T18:46:46.603679+00:00 CRITICAL 'ansible_navigator.actions.run_playbook._handle_message' Unhandled message from runner queue, discarded: {'event': 'verbose', 'uuid': 'd01d7626-fef0-48c3-95c3-62f048ad2c9b', 'counter': 2, 'stdout': '\x1b[1;35m-vvvv to see details\x1b[0m', 'start_line': 1, 'end_line': 2, 'runner_ident': 'f8a59d11-e7b8-463d-91a5-7ab183302901', 'created': '2026-03-18T18:46:46.598107+00:00'}
2026-03-18T18:47:58.417599+00:00 CRITICAL 'ansible_navigator.actions.run_playbook._handle_message' Unhandled message from runner queue, discarded: {'event': 'verbose', 'uuid': '4bc9d708-bd7a-4dab-9ccd-c7cbc910aa04', 'counter': 1, 'stdout': '\x1b[1;35m[WARNING]: Invalid characters were found in group names but not replaced, use\x1b[0m', 'start_line': 0, 'end_line': 1, 'runner_ident': '3bf3595f-407e-487d-adf8-a9ec963d1ad5', 'created': '2026-03-18T18:47:58.413652+00:00'}
2026-03-18T18:47:58.417929+00:00 CRITICAL 'ansible_navigator.actions.run_playbook._handle_message' Unhandled message from runner queue, discarded: {'event': 'verbose', 'uuid': '9e73a4a5-0114-42a7-a437-6dfd88148900', 'counter': 2, 'stdout': '\x1b[1;35m-vvvv to see details\x1b[0m', 'start_line': 1, 'end_line': 2, 'runner_ident': '3bf3595f-407e-487d-adf8-a9ec963d1ad5', 'created': '2026-03-18T18:47:58.413770+00:00'}
2026-03-18T19:04:25.390982+00:00 ERROR 'ansible_navigator.actions.doc._run_runner' Error occurred while fetching doc for plugin systemctl: '[WARNING]: systemctl was not found
'
2026-03-18T19:04:30.411104+00:00 ERROR 'ansible_navigator.actions.doc._run_runner' Error occurred while fetching doc for plugin system: '[WARNING]: system was not found
'
2026-03-18T19:19:15.794404+00:00 CRITICAL 'ansible_navigator.actions.run_playbook._handle_message' Unhandled message from runner queue, discarded: {'event': 'verbose', 'uuid': '22ab1345-04d5-4285-9201-28c38f3e2088', 'counter': 1, 'stdout': '\x1b[1;35m[WARNING]: Invalid characters were found in group names but not replaced, use\x1b[0m', 'start_line': 0, 'end_line': 1, 'runner_ident': '3b8bca09-be41-42fb-a3b7-bd2d0a4aa7d3', 'created': '2026-03-18T19:19:15.787386+00:00'}
2026-03-18T19:19:15.794683+00:00 CRITICAL 'ansible_navigator.actions.run_playbook._handle_message' Unhandled message from runner queue, discarded: {'event': 'verbose', 'uuid': 'e87a9756-3b86-4d32-90df-628f168b9a19', 'counter': 2, 'stdout': '\x1b[1;35m-vvvv to see details\x1b[0m', 'start_line': 1, 'end_line': 2, 'runner_ident': '3b8bca09-be41-42fb-a3b7-bd2d0a4aa7d3', 'created': '2026-03-18T19:19:15.787512+00:00'}
2026-03-18T19:21:17.115609+00:00 CRITICAL 'ansible_navigator.actions.run_playbook._handle_message' Unhandled message from runner queue, discarded: {'event': 'verbose', 'uuid': 'bebfb816-abd9-4176-ace5-06b1b89d3138', 'counter': 1, 'stdout': '\x1b[1;35m[WARNING]: Invalid characters were found in group names but not replaced, use\x1b[0m', 'start_line': 0, 'end_line': 1, 'runner_ident': '4c9aea4b-76a6-4aad-931b-ba93ee94418a', 'created': '2026-03-18T19:21:17.113212+00:00'}
2026-03-18T19:21:17.115882+00:00 CRITICAL 'ansible_navigator.actions.run_playbook._handle_message' Unhandled message from runner queue, discarded: {'event': 'verbose', 'uuid': '1ac921b1-1996-4f99-9db1-b730ae5aa49b', 'counter': 2, 'stdout': '\x1b[1;35m-vvvv to see details\x1b[0m', 'start_line': 1, 'end_line': 2, 'runner_ident': '4c9aea4b-76a6-4aad-931b-ba93ee94418a', 'created': '2026-03-18T19:21:17.113336+00:00'}
2026-03-18T19:23:52.163194+00:00 CRITICAL 'ansible_navigator.actions.run_playbook._handle_message' Unhandled message from runner queue, discarded: {'event': 'verbose', 'uuid': 'bf2e961e-4dd8-47ae-9ddd-c3467dfeb089', 'counter': 1, 'stdout': '\x1b[1;35m[WARNING]: Invalid characters were found in group names but not replaced, use\x1b[0m', 'start_line': 0, 'end_line': 1, 'runner_ident': '9204cded-fdd5-4c60-b48c-fa6914d399fb', 'created': '2026-03-18T19:23:52.159706+00:00'}
2026-03-18T19:23:52.163579+00:00 CRITICAL 'ansible_navigator.actions.run_playbook._handle_message' Unhandled message from runner queue, discarded: {'event': 'verbose', 'uuid': 'f9eee3aa-a87f-4ada-abe0-030e8cf149bb', 'counter': 2, 'stdout': '\x1b[1;35m-vvvv to see details\x1b[0m', 'start_line': 1, 'end_line': 2, 'runner_ident': '9204cded-fdd5-4c60-b48c-fa6914d399fb', 'created': '2026-03-18T19:23:52.160010+00:00'}
2026-03-18T19:32:10.248316+00:00 CRITICAL 'ansible_navigator.actions.run_playbook._handle_message' Unhandled message from runner queue, discarded: {'event': 'verbose', 'uuid': 'b287f626-e4c9-440c-bdbe-e2b838adb666', 'counter': 1, 'stdout': '\x1b[1;35m[WARNING]: Invalid characters were found in group names but not replaced, use\x1b[0m', 'start_line': 0, 'end_line': 1, 'runner_ident': 'f884779d-09c3-48aa-be2d-8329b0d63108', 'created': '2026-03-18T19:32:10.239171+00:00'}
2026-03-18T19:32:10.249463+00:00 CRITICAL 'ansible_navigator.actions.run_playbook._handle_message' Unhandled message from runner queue, discarded: {'event': 'verbose', 'uuid': 'e45197f2-3385-4504-904e-648fdadc4586', 'counter': 2, 'stdout': '\x1b[1;35m-vvvv to see details\x1b[0m', 'start_line': 1, 'end_line': 2, 'runner_ident': 'f884779d-09c3-48aa-be2d-8329b0d63108', 'created': '2026-03-18T19:32:10.239464+00:00'}
2026-03-18T19:40:16.088788+00:00 CRITICAL 'ansible_navigator.actions.run_playbook._handle_message' Unhandled message from runner queue, discarded: {'event': 'verbose', 'uuid': '4e196731-044a-4139-a7c8-48ec5839a2cd', 'counter': 1, 'stdout': '\x1b[1;35m[WARNING]: Invalid characters were found in group names but not replaced, use\x1b[0m', 'start_line': 0, 'end_line': 1, 'runner_ident': '35cfe7f2-41a5-47ec-9b38-72d67d8e00e7', 'created': '2026-03-18T19:40:16.087361+00:00'}
2026-03-18T19:40:16.089098+00:00 CRITICAL 'ansible_navigator.actions.run_playbook._handle_message' Unhandled message from runner queue, discarded: {'event': 'verbose', 'uuid': '48647ce6-d4f5-4c8b-8b71-83ba8efcf4c8', 'counter': 2, 'stdout': '\x1b[1;35m-vvvv to see details\x1b[0m', 'start_line': 1, 'end_line': 2, 'runner_ident': '35cfe7f2-41a5-47ec-9b38-72d67d8e00e7', 'created': '2026-03-18T19:40:16.087663+00:00'}
2026-03-18T19:43:00.699648+00:00 CRITICAL 'ansible_navigator.actions.run_playbook._handle_message' Unhandled message from runner queue, discarded: {'event': 'verbose', 'uuid': '07d0b37e-a07e-4a3b-b23f-b71dabf0d195', 'counter': 1, 'stdout': '\x1b[1;35m[WARNING]: Invalid characters were found in group names but not replaced, use\x1b[0m', 'start_line': 0, 'end_line': 1, 'runner_ident': '56b8fca6-1f7c-4f73-be48-87896eb1bbf1', 'created': '2026-03-18T19:43:00.695689+00:00'}
2026-03-18T19:43:00.699934+00:00 CRITICAL 'ansible_navigator.actions.run_playbook._handle_message' Unhandled message from runner queue, discarded: {'event': 'verbose', 'uuid': '988e5ebb-ee41-4581-9ca0-fca5ae022732', 'counter': 2, 'stdout': '\x1b[1;35m-vvvv to see details\x1b[0m', 'start_line': 1, 'end_line': 2, 'runner_ident': '56b8fca6-1f7c-4f73-be48-87896eb1bbf1', 'created': '2026-03-18T19:43:00.695892+00:00'}
2026-03-18T19:43:55.646653+00:00 CRITICAL 'ansible_navigator.actions.run_playbook._handle_message' Unhandled message from runner queue, discarded: {'event': 'verbose', 'uuid': 'adca62fb-7ffe-4e1c-8a15-cb391244d3f8', 'counter': 1, 'stdout': '\x1b[1;35m[WARNING]: Invalid characters were found in group names but not replaced, use\x1b[0m', 'start_line': 0, 'end_line': 1, 'runner_ident': '43e15b36-688c-410f-81cc-8009f9c6cb61', 'created': '2026-03-18T19:43:55.637444+00:00'}
2026-03-18T19:43:55.648186+00:00 CRITICAL 'ansible_navigator.actions.run_playbook._handle_message' Unhandled message from runner queue, discarded: {'event': 'verbose', 'uuid': '11af6e32-44ce-4919-8b9a-f42b18d29574', 'counter': 2, 'stdout': '\x1b[1;35m-vvvv to see details\x1b[0m', 'start_line': 1, 'end_line': 2, 'runner_ident': '43e15b36-688c-410f-81cc-8009f9c6cb61', 'created': '2026-03-18T19:43:55.637560+00:00'}
